2025-04-05 01:33:42,055 - Started feature extraction from fruits-360/Training. Total images to process: 31031
2025-04-05 01:33:42,056 - Processing class: Apple
2025-04-05 01:33:42,841 - Processed 50/31031 images (0.16%)
2025-04-05 01:33:43,657 - Processed 100/31031 images (0.32%)
2025-04-05 01:33:44,477 - Processed 150/31031 images (0.48%)
2025-04-05 01:33:45,263 - Processed 200/31031 images (0.64%)
2025-04-05 01:33:46,024 - Processed 250/31031 images (0.81%)
2025-04-05 01:33:46,780 - Processed 300/31031 images (0.97%)
2025-04-05 01:33:47,570 - Processed 350/31031 images (1.13%)
2025-04-05 01:33:48,326 - Processed 400/31031 images (1.29%)
2025-04-05 01:33:49,123 - Processed 450/31031 images (1.45%)
2025-04-05 01:33:49,909 - Processed 500/31031 images (1.61%)
2025-04-05 01:33:50,657 - Processed 550/31031 images (1.77%)
2025-04-05 01:33:51,507 - Processed 600/31031 images (1.93%)
2025-04-05 01:33:52,278 - Processed 650/31031 images (2.09%)
2025-04-05 01:33:53,116 - Processing class: Apple
2025-04-05 01:33:53,136 - Processed 700/31031 images (2.26%)
2025-04-05 01:33:53,986 - Processed 750/31031 images (2.42%)
2025-04-05 01:33:54,859 - Processed 800/31031 images (2.58%)
2025-04-05 01:33:55,692 - Processed 850/31031 images (2.74%)
2025-04-05 01:33:56,514 - Processed 900/31031 images (2.90%)
2025-04-05 01:33:57,348 - Processed 950/31031 images (3.06%)
2025-04-05 01:33:58,237 - Processed 1000/31031 images (3.22%)
2025-04-05 01:33:59,052 - Processed 1050/31031 images (3.38%)
2025-04-05 01:33:59,914 - Processed 1100/31031 images (3.54%)
2025-04-05 01:34:00,790 - Processed 1150/31031 images (3.71%)
2025-04-05 01:34:01,036 - Processing class: Apple
2025-04-05 01:34:01,600 - Processed 1200/31031 images (3.87%)
2025-04-05 01:34:02,434 - Processed 1250/31031 images (4.03%)
2025-04-05 01:34:03,249 - Processed 1300/31031 images (4.19%)
2025-04-05 01:34:04,251 - Processed 1350/31031 images (4.35%)
2025-04-05 01:34:05,098 - Processed 1400/31031 images (4.51%)
2025-04-05 01:34:05,949 - Processed 1450/31031 images (4.67%)
2025-04-05 01:34:06,772 - Processed 1500/31031 images (4.83%)
2025-04-05 01:34:07,579 - Processed 1550/31031 images (5.00%)
2025-04-05 01:34:08,369 - Processed 1600/31031 images (5.16%)
2025-04-05 01:34:09,174 - Processed 1650/31031 images (5.32%)
2025-04-05 01:34:09,967 - Processed 1700/31031 images (5.48%)
2025-04-05 01:34:10,777 - Processed 1750/31031 images (5.64%)
2025-04-05 01:34:11,581 - Processed 1800/31031 images (5.80%)
2025-04-05 01:34:12,416 - Processed 1850/31031 images (5.96%)
2025-04-05 01:34:12,642 - Processing class: Apple
2025-04-05 01:34:13,236 - Processed 1900/31031 images (6.12%)
2025-04-05 01:34:14,008 - Processed 1950/31031 images (6.28%)
2025-04-05 01:34:14,771 - Processed 2000/31031 images (6.45%)
2025-04-05 01:34:15,728 - Processed 2050/31031 images (6.61%)
2025-04-05 01:34:16,568 - Processed 2100/31031 images (6.77%)
2025-04-05 01:34:17,355 - Processed 2150/31031 images (6.93%)
2025-04-05 01:34:18,168 - Processed 2200/31031 images (7.09%)
2025-04-05 01:34:18,985 - Processed 2250/31031 images (7.25%)
2025-04-05 01:34:19,828 - Processed 2300/31031 images (7.41%)
2025-04-05 01:34:20,337 - Processing class: Apple
2025-04-05 01:34:20,667 - Processed 2350/31031 images (7.57%)
2025-04-05 01:34:21,591 - Processed 2400/31031 images (7.73%)
2025-04-05 01:34:22,394 - Processed 2450/31031 images (7.90%)
2025-04-05 01:34:23,227 - Processed 2500/31031 images (8.06%)
2025-04-05 01:34:24,070 - Processed 2550/31031 images (8.22%)
2025-04-05 01:34:24,930 - Processed 2600/31031 images (8.38%)
2025-04-05 01:34:25,805 - Processed 2650/31031 images (8.54%)
2025-04-05 01:34:26,747 - Processed 2700/31031 images (8.70%)
2025-04-05 01:34:27,613 - Processed 2750/31031 images (8.86%)
2025-04-05 01:34:28,446 - Processed 2800/31031 images (9.02%)
2025-04-05 01:34:29,273 - Processed 2850/31031 images (9.18%)
2025-04-05 01:34:30,076 - Processed 2900/31031 images (9.35%)
2025-04-05 01:34:30,813 - Processing class: Apple
2025-04-05 01:34:30,980 - Processed 2950/31031 images (9.51%)
2025-04-05 01:34:31,800 - Processed 3000/31031 images (9.67%)
2025-04-05 01:34:32,648 - Processed 3050/31031 images (9.83%)
2025-04-05 01:34:33,493 - Processed 3100/31031 images (9.99%)
2025-04-05 01:34:34,299 - Processed 3150/31031 images (10.15%)
2025-04-05 01:34:35,084 - Processed 3200/31031 images (10.31%)
2025-04-05 01:34:35,892 - Processed 3250/31031 images (10.47%)
2025-04-05 01:34:36,702 - Processed 3300/31031 images (10.63%)
2025-04-05 01:34:37,531 - Processed 3350/31031 images (10.80%)
2025-04-05 01:34:38,453 - Processed 3400/31031 images (10.96%)
2025-04-05 01:34:39,430 - Processed 3450/31031 images (11.12%)
2025-04-05 01:34:40,259 - Processed 3500/31031 images (11.28%)
2025-04-05 01:34:41,089 - Processed 3550/31031 images (11.44%)
2025-04-05 01:34:41,884 - Processed 3600/31031 images (11.60%)
2025-04-05 01:34:42,696 - Processed 3650/31031 images (11.76%)
2025-04-05 01:34:42,998 - Processing class: Apple
2025-04-05 01:34:43,505 - Processed 3700/31031 images (11.92%)
2025-04-05 01:34:44,331 - Processed 3750/31031 images (12.08%)
2025-04-05 01:34:45,138 - Processed 3800/31031 images (12.25%)
2025-04-05 01:34:46,003 - Processed 3850/31031 images (12.41%)
2025-04-05 01:34:46,835 - Processed 3900/31031 images (12.57%)
2025-04-05 01:34:47,666 - Processed 3950/31031 images (12.73%)
2025-04-05 01:34:48,477 - Processed 4000/31031 images (12.89%)
2025-04-05 01:34:49,275 - Processed 4050/31031 images (13.05%)
2025-04-05 01:34:50,010 - Processed 4100/31031 images (13.21%)
2025-04-05 01:34:50,795 - Processing class: Apple
2025-04-05 01:34:50,932 - Processed 4150/31031 images (13.37%)
2025-04-05 01:34:51,765 - Processed 4200/31031 images (13.53%)
2025-04-05 01:34:52,597 - Processed 4250/31031 images (13.70%)
2025-04-05 01:34:53,439 - Processed 4300/31031 images (13.86%)
2025-04-05 01:34:54,246 - Processed 4350/31031 images (14.02%)
2025-04-05 01:34:55,048 - Processed 4400/31031 images (14.18%)
2025-04-05 01:34:55,842 - Processed 4450/31031 images (14.34%)
2025-04-05 01:34:56,630 - Processed 4500/31031 images (14.50%)
2025-04-05 01:34:57,384 - Processed 4550/31031 images (14.66%)
2025-04-05 01:34:58,153 - Processed 4600/31031 images (14.82%)
2025-04-05 01:34:58,910 - Processed 4650/31031 images (14.99%)
2025-04-05 01:34:59,655 - Processed 4700/31031 images (15.15%)
2025-04-05 01:35:00,409 - Processed 4750/31031 images (15.31%)
2025-04-05 01:35:01,198 - Processed 4800/31031 images (15.47%)
2025-04-05 01:35:01,747 - Processing class: AppleBraeburn
2025-04-05 01:35:01,965 - Processed 4850/31031 images (15.63%)
2025-04-05 01:35:02,759 - Processed 4900/31031 images (15.79%)
2025-04-05 01:35:03,524 - Processed 4950/31031 images (15.95%)
2025-04-05 01:35:04,302 - Processed 5000/31031 images (16.11%)
2025-04-05 01:35:05,071 - Processed 5050/31031 images (16.27%)
2025-04-05 01:35:05,847 - Processed 5100/31031 images (16.44%)
2025-04-05 01:35:06,606 - Processed 5150/31031 images (16.60%)
2025-04-05 01:35:07,446 - Processed 5200/31031 images (16.76%)
2025-04-05 01:35:08,197 - Processed 5250/31031 images (16.92%)
2025-04-05 01:35:08,940 - Processed 5300/31031 images (17.08%)
2025-04-05 01:35:09,370 - Processing class: AppleCore
2025-04-05 01:35:09,697 - Processed 5350/31031 images (17.24%)
2025-04-05 01:35:10,461 - Processed 5400/31031 images (17.40%)
2025-04-05 01:35:11,222 - Processed 5450/31031 images (17.56%)
2025-04-05 01:35:12,012 - Processed 5500/31031 images (17.72%)
2025-04-05 01:35:12,782 - Processed 5550/31031 images (17.89%)
2025-04-05 01:35:12,986 - Processing class: AppleCrimsonSnow
2025-04-05 01:35:13,621 - Processed 5600/31031 images (18.05%)
2025-04-05 01:35:14,433 - Processed 5650/31031 images (18.21%)
2025-04-05 01:35:15,277 - Processed 5700/31031 images (18.37%)
2025-04-05 01:35:16,127 - Processed 5750/31031 images (18.53%)
2025-04-05 01:35:16,985 - Processed 5800/31031 images (18.69%)
2025-04-05 01:35:17,825 - Processed 5850/31031 images (18.85%)
2025-04-05 01:35:18,670 - Processed 5900/31031 images (19.01%)
2025-04-05 01:35:19,478 - Processed 5950/31031 images (19.17%)
2025-04-05 01:35:20,300 - Processed 6000/31031 images (19.34%)
2025-04-05 01:35:20,421 - Processing class: AppleGolden
2025-04-05 01:35:21,115 - Processed 6050/31031 images (19.50%)
2025-04-05 01:35:21,901 - Processed 6100/31031 images (19.66%)
2025-04-05 01:35:22,717 - Processed 6150/31031 images (19.82%)
2025-04-05 01:35:23,522 - Processed 6200/31031 images (19.98%)
2025-04-05 01:35:24,312 - Processed 6250/31031 images (20.14%)
2025-04-05 01:35:25,161 - Processed 6300/31031 images (20.30%)
2025-04-05 01:35:25,973 - Processed 6350/31031 images (20.46%)
2025-04-05 01:35:26,789 - Processed 6400/31031 images (20.62%)
2025-04-05 01:35:27,599 - Processed 6450/31031 images (20.79%)
2025-04-05 01:35:28,184 - Processing class: AppleGolden
2025-04-05 01:35:28,400 - Processed 6500/31031 images (20.95%)
2025-04-05 01:35:29,221 - Processed 6550/31031 images (21.11%)
2025-04-05 01:35:30,043 - Processed 6600/31031 images (21.27%)
2025-04-05 01:35:30,869 - Processed 6650/31031 images (21.43%)
2025-04-05 01:35:31,679 - Processed 6700/31031 images (21.59%)
2025-04-05 01:35:32,524 - Processed 6750/31031 images (21.75%)
2025-04-05 01:35:33,345 - Processed 6800/31031 images (21.91%)
2025-04-05 01:35:34,137 - Processed 6850/31031 images (22.07%)
2025-04-05 01:35:34,940 - Processed 6900/31031 images (22.24%)
2025-04-05 01:35:35,742 - Processed 6950/31031 images (22.40%)
2025-04-05 01:35:36,207 - Processing class: AppleGolden
2025-04-05 01:35:36,541 - Processed 7000/31031 images (22.56%)
2025-04-05 01:35:37,351 - Processed 7050/31031 images (22.72%)
2025-04-05 01:35:38,139 - Processed 7100/31031 images (22.88%)
2025-04-05 01:35:38,948 - Processed 7150/31031 images (23.04%)
2025-04-05 01:35:39,756 - Processed 7200/31031 images (23.20%)
2025-04-05 01:35:40,554 - Processed 7250/31031 images (23.36%)
2025-04-05 01:35:41,359 - Processed 7300/31031 images (23.52%)
2025-04-05 01:35:42,162 - Processed 7350/31031 images (23.69%)
2025-04-05 01:35:42,982 - Processed 7400/31031 images (23.85%)
2025-04-05 01:35:43,794 - Processed 7450/31031 images (24.01%)
2025-04-05 01:35:43,955 - Processing class: AppleGrannySmith
2025-04-05 01:35:44,633 - Processed 7500/31031 images (24.17%)
2025-04-05 01:35:45,444 - Processed 7550/31031 images (24.33%)
2025-04-05 01:35:46,243 - Processed 7600/31031 images (24.49%)
2025-04-05 01:35:47,093 - Processed 7650/31031 images (24.65%)
2025-04-05 01:35:47,911 - Processed 7700/31031 images (24.81%)
2025-04-05 01:35:48,730 - Processed 7750/31031 images (24.98%)
2025-04-05 01:35:49,532 - Processed 7800/31031 images (25.14%)
2025-04-05 01:35:50,331 - Processed 7850/31031 images (25.30%)
2025-04-05 01:35:51,128 - Processed 7900/31031 images (25.46%)
2025-04-05 01:35:51,937 - Processed 7950/31031 images (25.62%)
2025-04-05 01:35:51,975 - Processing class: Applehit
2025-04-05 01:35:52,751 - Processed 8000/31031 images (25.78%)
2025-04-05 01:35:53,579 - Processed 8050/31031 images (25.94%)
2025-04-05 01:35:54,419 - Processed 8100/31031 images (26.10%)
2025-04-05 01:35:55,226 - Processed 8150/31031 images (26.26%)
2025-04-05 01:35:56,042 - Processed 8200/31031 images (26.43%)
2025-04-05 01:35:56,923 - Processed 8250/31031 images (26.59%)
2025-04-05 01:35:57,717 - Processed 8300/31031 images (26.75%)
2025-04-05 01:35:58,536 - Processed 8350/31031 images (26.91%)
2025-04-05 01:35:59,331 - Processed 8400/31031 images (27.07%)
2025-04-05 01:36:00,105 - Processed 8450/31031 images (27.23%)
2025-04-05 01:36:00,910 - Processed 8500/31031 images (27.39%)
2025-04-05 01:36:01,726 - Processed 8550/31031 images (27.55%)
2025-04-05 01:36:02,498 - Processed 8600/31031 images (27.71%)
2025-04-05 01:36:03,279 - Processed 8650/31031 images (27.88%)
2025-04-05 01:36:03,344 - Processing class: ApplePinkLady
2025-04-05 01:36:04,082 - Processed 8700/31031 images (28.04%)
2025-04-05 01:36:04,900 - Processed 8750/31031 images (28.20%)
2025-04-05 01:36:05,694 - Processed 8800/31031 images (28.36%)
2025-04-05 01:36:06,527 - Processed 8850/31031 images (28.52%)
2025-04-05 01:36:07,321 - Processed 8900/31031 images (28.68%)
2025-04-05 01:36:08,108 - Processed 8950/31031 images (28.84%)
2025-04-05 01:36:08,923 - Processed 9000/31031 images (29.00%)
2025-04-05 01:36:09,740 - Processed 9050/31031 images (29.16%)
2025-04-05 01:36:10,556 - Processed 9100/31031 images (29.33%)
2025-04-05 01:36:10,722 - Processing class: AppleRed
2025-04-05 01:36:11,361 - Processed 9150/31031 images (29.49%)
2025-04-05 01:36:12,156 - Processed 9200/31031 images (29.65%)
2025-04-05 01:36:12,974 - Processed 9250/31031 images (29.81%)
2025-04-05 01:36:13,769 - Processed 9300/31031 images (29.97%)
2025-04-05 01:36:14,586 - Processed 9350/31031 images (30.13%)
2025-04-05 01:36:15,384 - Processed 9400/31031 images (30.29%)
2025-04-05 01:36:16,196 - Processed 9450/31031 images (30.45%)
2025-04-05 01:36:17,013 - Processed 9500/31031 images (30.61%)
2025-04-05 01:36:17,826 - Processed 9550/31031 images (30.78%)
2025-04-05 01:36:18,631 - Processed 9600/31031 images (30.94%)
2025-04-05 01:36:18,667 - Processing class: AppleRed
2025-04-05 01:36:19,430 - Processed 9650/31031 images (31.10%)
2025-04-05 01:36:20,204 - Processed 9700/31031 images (31.26%)
2025-04-05 01:36:20,959 - Processed 9750/31031 images (31.42%)
2025-04-05 01:36:21,730 - Processed 9800/31031 images (31.58%)
2025-04-05 01:36:22,509 - Processed 9850/31031 images (31.74%)
2025-04-05 01:36:23,326 - Processed 9900/31031 images (31.90%)
2025-04-05 01:36:24,085 - Processed 9950/31031 images (32.06%)
2025-04-05 01:36:24,877 - Processed 10000/31031 images (32.23%)
2025-04-05 01:36:25,693 - Processed 10050/31031 images (32.39%)
2025-04-05 01:36:26,421 - Processing class: AppleRed
2025-04-05 01:36:26,527 - Processed 10100/31031 images (32.55%)
2025-04-05 01:36:27,317 - Processed 10150/31031 images (32.71%)
2025-04-05 01:36:28,085 - Processed 10200/31031 images (32.87%)
2025-04-05 01:36:28,873 - Processed 10250/31031 images (33.03%)
2025-04-05 01:36:29,668 - Processed 10300/31031 images (33.19%)
2025-04-05 01:36:30,503 - Processed 10350/31031 images (33.35%)
2025-04-05 01:36:31,285 - Processed 10400/31031 images (33.51%)
2025-04-05 01:36:32,060 - Processed 10450/31031 images (33.68%)
2025-04-05 01:36:32,831 - Processed 10500/31031 images (33.84%)
2025-04-05 01:36:33,203 - Processing class: AppleRedDelicious
2025-04-05 01:36:33,606 - Processed 10550/31031 images (34.00%)
2025-04-05 01:36:34,435 - Processed 10600/31031 images (34.16%)
2025-04-05 01:36:35,190 - Processed 10650/31031 images (34.32%)
2025-04-05 01:36:36,007 - Processed 10700/31031 images (34.48%)
2025-04-05 01:36:36,791 - Processed 10750/31031 images (34.64%)
2025-04-05 01:36:37,615 - Processed 10800/31031 images (34.80%)
2025-04-05 01:36:38,403 - Processed 10850/31031 images (34.97%)
2025-04-05 01:36:39,192 - Processed 10900/31031 images (35.13%)
2025-04-05 01:36:40,000 - Processed 10950/31031 images (35.29%)
2025-04-05 01:36:40,798 - Processed 11000/31031 images (35.45%)
2025-04-05 01:36:41,001 - Processing class: AppleRedYellow
2025-04-05 01:36:41,573 - Processed 11050/31031 images (35.61%)
2025-04-05 01:36:42,400 - Processed 11100/31031 images (35.77%)
2025-04-05 01:36:43,184 - Processed 11150/31031 images (35.93%)
2025-04-05 01:36:43,970 - Processed 11200/31031 images (36.09%)
2025-04-05 01:36:44,755 - Processed 11250/31031 images (36.25%)
2025-04-05 01:36:45,529 - Processed 11300/31031 images (36.42%)
2025-04-05 01:36:46,300 - Processed 11350/31031 images (36.58%)
2025-04-05 01:36:47,079 - Processed 11400/31031 images (36.74%)
2025-04-05 01:36:47,874 - Processed 11450/31031 images (36.90%)
2025-04-05 01:36:48,651 - Processed 11500/31031 images (37.06%)
2025-04-05 01:36:48,735 - Processing class: AppleRedYellow
2025-04-05 01:36:49,445 - Processed 11550/31031 images (37.22%)
2025-04-05 01:36:50,269 - Processed 11600/31031 images (37.38%)
2025-04-05 01:36:51,040 - Processed 11650/31031 images (37.54%)
2025-04-05 01:36:51,821 - Processed 11700/31031 images (37.70%)
2025-04-05 01:36:52,608 - Processed 11750/31031 images (37.87%)
2025-04-05 01:36:53,383 - Processed 11800/31031 images (38.03%)
2025-04-05 01:36:54,150 - Processed 11850/31031 images (38.19%)
2025-04-05 01:36:54,908 - Processed 11900/31031 images (38.35%)
2025-04-05 01:36:55,677 - Processed 11950/31031 images (38.51%)
2025-04-05 01:36:56,448 - Processed 12000/31031 images (38.67%)
2025-04-05 01:36:57,233 - Processed 12050/31031 images (38.83%)
2025-04-05 01:36:58,016 - Processed 12100/31031 images (38.99%)
2025-04-05 01:36:58,847 - Processed 12150/31031 images (39.15%)
2025-04-05 01:36:59,267 - Processing class: AppleRotten
2025-04-05 01:36:59,663 - Processed 12200/31031 images (39.32%)
2025-04-05 01:37:00,471 - Processed 12250/31031 images (39.48%)
2025-04-05 01:37:01,270 - Processed 12300/31031 images (39.64%)
2025-04-05 01:37:02,055 - Processed 12350/31031 images (39.80%)
2025-04-05 01:37:02,875 - Processed 12400/31031 images (39.96%)
2025-04-05 01:37:03,694 - Processed 12450/31031 images (40.12%)
2025-04-05 01:37:04,498 - Processed 12500/31031 images (40.28%)
2025-04-05 01:37:05,290 - Processed 12550/31031 images (40.44%)
2025-04-05 01:37:06,129 - Processed 12600/31031 images (40.60%)
2025-04-05 01:37:06,942 - Processed 12650/31031 images (40.77%)
2025-04-05 01:37:07,192 - Processing class: Appleworm
2025-04-05 01:37:07,745 - Processed 12700/31031 images (40.93%)
2025-04-05 01:37:08,539 - Processed 12750/31031 images (41.09%)
2025-04-05 01:37:09,341 - Processed 12800/31031 images (41.25%)
2025-04-05 01:37:10,149 - Processed 12850/31031 images (41.41%)
2025-04-05 01:37:10,939 - Processed 12900/31031 images (41.57%)
2025-04-05 01:37:11,758 - Processed 12950/31031 images (41.73%)
2025-04-05 01:37:12,545 - Processed 13000/31031 images (41.89%)
2025-04-05 01:37:13,347 - Processed 13050/31031 images (42.05%)
2025-04-05 01:37:14,168 - Processed 13100/31031 images (42.22%)
2025-04-05 01:37:14,982 - Processed 13150/31031 images (42.38%)
2025-04-05 01:37:15,767 - Processed 13200/31031 images (42.54%)
2025-04-05 01:37:16,568 - Processed 13250/31031 images (42.70%)
2025-04-05 01:37:17,369 - Processed 13300/31031 images (42.86%)
2025-04-05 01:37:18,232 - Processed 13350/31031 images (43.02%)
2025-04-05 01:37:18,413 - Processing class: Apricot
2025-04-05 01:37:19,051 - Processed 13400/31031 images (43.18%)
2025-04-05 01:37:19,927 - Processed 13450/31031 images (43.34%)
2025-04-05 01:37:20,745 - Processed 13500/31031 images (43.50%)
2025-04-05 01:37:21,611 - Processed 13550/31031 images (43.67%)
2025-04-05 01:37:22,480 - Processed 13600/31031 images (43.83%)
2025-04-05 01:37:23,331 - Processed 13650/31031 images (43.99%)
2025-04-05 01:37:24,157 - Processed 13700/31031 images (44.15%)
2025-04-05 01:37:24,974 - Processed 13750/31031 images (44.31%)
2025-04-05 01:37:25,834 - Processed 13800/31031 images (44.47%)
2025-04-05 01:37:26,676 - Processed 13850/31031 images (44.63%)
2025-04-05 01:37:26,727 - Processing class: Avocado
2025-04-05 01:37:27,488 - Processed 13900/31031 images (44.79%)
2025-04-05 01:37:28,299 - Processed 13950/31031 images (44.96%)
2025-04-05 01:37:29,121 - Processed 14000/31031 images (45.12%)
2025-04-05 01:37:29,970 - Processed 14050/31031 images (45.28%)
2025-04-05 01:37:30,804 - Processed 14100/31031 images (45.44%)
2025-04-05 01:37:31,633 - Processed 14150/31031 images (45.60%)
2025-04-05 01:37:32,479 - Processed 14200/31031 images (45.76%)
2025-04-05 01:37:33,313 - Processed 14250/31031 images (45.92%)
2025-04-05 01:37:33,783 - Processing class: Avocadoripe
2025-04-05 01:37:34,097 - Processed 14300/31031 images (46.08%)
2025-04-05 01:37:34,854 - Processed 14350/31031 images (46.24%)
2025-04-05 01:37:35,618 - Processed 14400/31031 images (46.41%)
2025-04-05 01:37:36,432 - Processed 14450/31031 images (46.57%)
2025-04-05 01:37:37,234 - Processed 14500/31031 images (46.73%)
2025-04-05 01:37:38,038 - Processed 14550/31031 images (46.89%)
2025-04-05 01:37:38,815 - Processed 14600/31031 images (47.05%)
2025-04-05 01:37:39,597 - Processed 14650/31031 images (47.21%)
2025-04-05 01:37:40,365 - Processed 14700/31031 images (47.37%)
2025-04-05 01:37:41,137 - Processed 14750/31031 images (47.53%)
2025-04-05 01:37:41,453 - Processing class: Banana
2025-04-05 01:37:41,944 - Processed 14800/31031 images (47.69%)
2025-04-05 01:37:42,705 - Processed 14850/31031 images (47.86%)
2025-04-05 01:37:43,510 - Processed 14900/31031 images (48.02%)
2025-04-05 01:37:44,330 - Processed 14950/31031 images (48.18%)
2025-04-05 01:37:45,130 - Processed 15000/31031 images (48.34%)
2025-04-05 01:37:45,935 - Processed 15050/31031 images (48.50%)
2025-04-05 01:37:46,773 - Processed 15100/31031 images (48.66%)
2025-04-05 01:37:47,548 - Processed 15150/31031 images (48.82%)
2025-04-05 01:37:48,337 - Processed 15200/31031 images (48.98%)
2025-04-05 01:37:49,126 - Processed 15250/31031 images (49.14%)
2025-04-05 01:37:49,306 - Processing class: Banana
2025-04-05 01:37:49,959 - Processed 15300/31031 images (49.31%)
2025-04-05 01:37:50,841 - Processed 15350/31031 images (49.47%)
2025-04-05 01:37:51,629 - Processed 15400/31031 images (49.63%)
2025-04-05 01:37:52,424 - Processed 15450/31031 images (49.79%)
2025-04-05 01:37:53,112 - Processing class: BananaLadyFinger
2025-04-05 01:37:53,231 - Processed 15500/31031 images (49.95%)
2025-04-05 01:37:54,027 - Processed 15550/31031 images (50.11%)
2025-04-05 01:37:54,812 - Processed 15600/31031 images (50.27%)
2025-04-05 01:37:55,599 - Processed 15650/31031 images (50.43%)
2025-04-05 01:37:56,394 - Processed 15700/31031 images (50.59%)
2025-04-05 01:37:57,246 - Processed 15750/31031 images (50.76%)
2025-04-05 01:37:58,043 - Processed 15800/31031 images (50.92%)
2025-04-05 01:37:58,841 - Processed 15850/31031 images (51.08%)
2025-04-05 01:37:59,676 - Processed 15900/31031 images (51.24%)
2025-04-05 01:38:00,482 - Processing class: BananaRed
2025-04-05 01:38:00,597 - Processed 15950/31031 images (51.40%)
2025-04-05 01:38:01,416 - Processed 16000/31031 images (51.56%)
2025-04-05 01:38:02,241 - Processed 16050/31031 images (51.72%)
2025-04-05 01:38:03,022 - Processed 16100/31031 images (51.88%)
2025-04-05 01:38:03,843 - Processed 16150/31031 images (52.04%)
2025-04-05 01:38:04,661 - Processed 16200/31031 images (52.21%)
2025-04-05 01:38:05,493 - Processed 16250/31031 images (52.37%)
2025-04-05 01:38:06,284 - Processed 16300/31031 images (52.53%)
2025-04-05 01:38:07,115 - Processed 16350/31031 images (52.69%)
2025-04-05 01:38:07,908 - Processed 16400/31031 images (52.85%)
2025-04-05 01:38:08,444 - Processing class: Beans
2025-04-05 01:38:08,704 - Processed 16450/31031 images (53.01%)
2025-04-05 01:38:09,499 - Processed 16500/31031 images (53.17%)
2025-04-05 01:38:10,322 - Processed 16550/31031 images (53.33%)
2025-04-05 01:38:11,132 - Processed 16600/31031 images (53.49%)
2025-04-05 01:38:11,941 - Processed 16650/31031 images (53.66%)
2025-04-05 01:38:12,229 - Processing class: Beetroot
2025-04-05 01:38:12,772 - Processed 16700/31031 images (53.82%)
2025-04-05 01:38:13,542 - Processed 16750/31031 images (53.98%)
2025-04-05 01:38:14,358 - Processed 16800/31031 images (54.14%)
2025-04-05 01:38:15,148 - Processed 16850/31031 images (54.30%)
2025-04-05 01:38:15,937 - Processed 16900/31031 images (54.46%)
2025-04-05 01:38:16,768 - Processed 16950/31031 images (54.62%)
2025-04-05 01:38:17,600 - Processed 17000/31031 images (54.78%)
2025-04-05 01:38:18,431 - Processed 17050/31031 images (54.95%)
2025-04-05 01:38:19,269 - Processed 17100/31031 images (55.11%)
2025-04-05 01:38:19,566 - Processing class: Blackberrie
2025-04-05 01:38:20,110 - Processed 17150/31031 images (55.27%)
2025-04-05 01:38:20,952 - Processed 17200/31031 images (55.43%)
2025-04-05 01:38:21,865 - Processed 17250/31031 images (55.59%)
2025-04-05 01:38:22,711 - Processed 17300/31031 images (55.75%)
2025-04-05 01:38:23,543 - Processed 17350/31031 images (55.91%)
2025-04-05 01:38:24,395 - Processed 17400/31031 images (56.07%)
2025-04-05 01:38:25,221 - Processed 17450/31031 images (56.23%)
2025-04-05 01:38:26,014 - Processed 17500/31031 images (56.40%)
2025-04-05 01:38:26,802 - Processed 17550/31031 images (56.56%)
2025-04-05 01:38:27,092 - Processing class: Blackberrie
2025-04-05 01:38:27,655 - Processed 17600/31031 images (56.72%)
2025-04-05 01:38:28,478 - Processed 17650/31031 images (56.88%)
2025-04-05 01:38:29,432 - Processed 17700/31031 images (57.04%)
2025-04-05 01:38:30,261 - Processed 17750/31031 images (57.20%)
2025-04-05 01:38:30,954 - Processing class: Blackberriehalfrippen
2025-04-05 01:38:31,093 - Processed 17800/31031 images (57.36%)
2025-04-05 01:38:31,925 - Processed 17850/31031 images (57.52%)
2025-04-05 01:38:32,738 - Processed 17900/31031 images (57.68%)
2025-04-05 01:38:33,572 - Processed 17950/31031 images (57.85%)
2025-04-05 01:38:34,385 - Processed 18000/31031 images (58.01%)
2025-04-05 01:38:35,220 - Processed 18050/31031 images (58.17%)
2025-04-05 01:38:36,027 - Processed 18100/31031 images (58.33%)
2025-04-05 01:38:36,847 - Processed 18150/31031 images (58.49%)
2025-04-05 01:38:37,664 - Processed 18200/31031 images (58.65%)
2025-04-05 01:38:38,353 - Processing class: Blackberrienotrippen
2025-04-05 01:38:38,481 - Processed 18250/31031 images (58.81%)
2025-04-05 01:38:39,275 - Processed 18300/31031 images (58.97%)
2025-04-05 01:38:40,093 - Processed 18350/31031 images (59.13%)
2025-04-05 01:38:40,865 - Processed 18400/31031 images (59.30%)
2025-04-05 01:38:41,770 - Processed 18450/31031 images (59.46%)
2025-04-05 01:38:42,571 - Processed 18500/31031 images (59.62%)
2025-04-05 01:38:43,397 - Processed 18550/31031 images (59.78%)
2025-04-05 01:38:44,248 - Processed 18600/31031 images (59.94%)
2025-04-05 01:38:45,054 - Processed 18650/31031 images (60.10%)
2025-04-05 01:38:45,888 - Processed 18700/31031 images (60.26%)
2025-04-05 01:38:46,720 - Processed 18750/31031 images (60.42%)
2025-04-05 01:38:47,535 - Processed 18800/31031 images (60.58%)
2025-04-05 01:38:48,359 - Processed 18850/31031 images (60.75%)
2025-04-05 01:38:49,155 - Processed 18900/31031 images (60.91%)
2025-04-05 01:38:49,428 - Processing class: Blueberry
2025-04-05 01:38:49,962 - Processed 18950/31031 images (61.07%)
2025-04-05 01:38:50,751 - Processed 19000/31031 images (61.23%)
2025-04-05 01:38:51,560 - Processed 19050/31031 images (61.39%)
2025-04-05 01:38:52,359 - Processed 19100/31031 images (61.55%)
2025-04-05 01:38:53,131 - Processed 19150/31031 images (61.71%)
2025-04-05 01:38:53,921 - Processed 19200/31031 images (61.87%)
2025-04-05 01:38:54,756 - Processed 19250/31031 images (62.03%)
2025-04-05 01:38:55,530 - Processed 19300/31031 images (62.20%)
2025-04-05 01:38:56,312 - Processed 19350/31031 images (62.36%)
2025-04-05 01:38:56,765 - Processing class: Cabbagered
2025-04-05 01:38:57,115 - Processed 19400/31031 images (62.52%)
2025-04-05 01:38:57,918 - Processed 19450/31031 images (62.68%)
2025-04-05 01:38:58,716 - Processed 19500/31031 images (62.84%)
2025-04-05 01:38:59,156 - Processing class: Cabbagewhite
2025-04-05 01:38:59,494 - Processed 19550/31031 images (63.00%)
2025-04-05 01:39:00,285 - Processed 19600/31031 images (63.16%)
2025-04-05 01:39:01,075 - Processed 19650/31031 images (63.32%)
2025-04-05 01:39:01,427 - Processing class: Cactusfruit
2025-04-05 01:39:01,869 - Processed 19700/31031 images (63.48%)
2025-04-05 01:39:02,661 - Processed 19750/31031 images (63.65%)
2025-04-05 01:39:03,445 - Processed 19800/31031 images (63.81%)
2025-04-05 01:39:04,232 - Processed 19850/31031 images (63.97%)
2025-04-05 01:39:05,023 - Processed 19900/31031 images (64.13%)
2025-04-05 01:39:05,788 - Processed 19950/31031 images (64.29%)
2025-04-05 01:39:06,585 - Processed 20000/31031 images (64.45%)
2025-04-05 01:39:07,391 - Processed 20050/31031 images (64.61%)
2025-04-05 01:39:08,190 - Processed 20100/31031 images (64.77%)
2025-04-05 01:39:08,991 - Processed 20150/31031 images (64.94%)
2025-04-05 01:39:09,185 - Processing class: Cactusfruitgreen
2025-04-05 01:39:09,780 - Processed 20200/31031 images (65.10%)
2025-04-05 01:39:10,591 - Processed 20250/31031 images (65.26%)
2025-04-05 01:39:11,404 - Processed 20300/31031 images (65.42%)
2025-04-05 01:39:12,205 - Processed 20350/31031 images (65.58%)
2025-04-05 01:39:13,004 - Processed 20400/31031 images (65.74%)
2025-04-05 01:39:13,778 - Processed 20450/31031 images (65.90%)
2025-04-05 01:39:14,585 - Processed 20500/31031 images (66.06%)
2025-04-05 01:39:15,404 - Processed 20550/31031 images (66.22%)
2025-04-05 01:39:16,205 - Processed 20600/31031 images (66.39%)
2025-04-05 01:39:17,012 - Processed 20650/31031 images (66.55%)
2025-04-05 01:39:17,814 - Processed 20700/31031 images (66.71%)
2025-04-05 01:39:18,626 - Processed 20750/31031 images (66.87%)
2025-04-05 01:39:19,433 - Processed 20800/31031 images (67.03%)
2025-04-05 01:39:20,230 - Processed 20850/31031 images (67.19%)
2025-04-05 01:39:20,412 - Processing class: Cactusfruitred
2025-04-05 01:39:21,018 - Processed 20900/31031 images (67.35%)
2025-04-05 01:39:21,833 - Processed 20950/31031 images (67.51%)
2025-04-05 01:39:22,630 - Processed 21000/31031 images (67.67%)
2025-04-05 01:39:23,429 - Processed 21050/31031 images (67.84%)
2025-04-05 01:39:24,218 - Processed 21100/31031 images (68.00%)
2025-04-05 01:39:25,028 - Processed 21150/31031 images (68.16%)
2025-04-05 01:39:25,826 - Processed 21200/31031 images (68.32%)
2025-04-05 01:39:26,657 - Processed 21250/31031 images (68.48%)
2025-04-05 01:39:27,474 - Processed 21300/31031 images (68.64%)
2025-04-05 01:39:28,272 - Processed 21350/31031 images (68.80%)
2025-04-05 01:39:29,072 - Processed 21400/31031 images (68.96%)
2025-04-05 01:39:29,873 - Processed 21450/31031 images (69.12%)
2025-04-05 01:39:30,672 - Processed 21500/31031 images (69.29%)
2025-04-05 01:39:31,472 - Processed 21550/31031 images (69.45%)
2025-04-05 01:39:31,844 - Processing class: Cajuseed
2025-04-05 01:39:32,279 - Processed 21600/31031 images (69.61%)
2025-04-05 01:39:33,069 - Processed 21650/31031 images (69.77%)
2025-04-05 01:39:33,871 - Processed 21700/31031 images (69.93%)
2025-04-05 01:39:34,662 - Processed 21750/31031 images (70.09%)
2025-04-05 01:39:35,480 - Processed 21800/31031 images (70.25%)
2025-04-05 01:39:35,779 - Processing class: Cantaloupe
2025-04-05 01:39:36,274 - Processed 21850/31031 images (70.41%)
2025-04-05 01:39:37,100 - Processed 21900/31031 images (70.57%)
2025-04-05 01:39:37,918 - Processed 21950/31031 images (70.74%)
2025-04-05 01:39:38,724 - Processed 22000/31031 images (70.90%)
2025-04-05 01:39:39,496 - Processed 22050/31031 images (71.06%)
2025-04-05 01:39:40,287 - Processed 22100/31031 images (71.22%)
2025-04-05 01:39:41,069 - Processed 22150/31031 images (71.38%)
2025-04-05 01:39:41,851 - Processed 22200/31031 images (71.54%)
2025-04-05 01:39:42,720 - Processed 22250/31031 images (71.70%)
2025-04-05 01:39:43,513 - Processed 22300/31031 images (71.86%)
2025-04-05 01:39:43,686 - Processing class: Cantaloupe
2025-04-05 01:39:44,322 - Processed 22350/31031 images (72.02%)
2025-04-05 01:39:45,151 - Processed 22400/31031 images (72.19%)
2025-04-05 01:39:45,965 - Processed 22450/31031 images (72.35%)
2025-04-05 01:39:46,761 - Processed 22500/31031 images (72.51%)
2025-04-05 01:39:47,584 - Processed 22550/31031 images (72.67%)
2025-04-05 01:39:48,401 - Processed 22600/31031 images (72.83%)
2025-04-05 01:39:49,195 - Processed 22650/31031 images (72.99%)
2025-04-05 01:39:50,036 - Processed 22700/31031 images (73.15%)
2025-04-05 01:39:50,844 - Processed 22750/31031 images (73.31%)
2025-04-05 01:39:51,683 - Processed 22800/31031 images (73.47%)
2025-04-05 01:39:51,731 - Processing class: Carambula
2025-04-05 01:39:52,488 - Processed 22850/31031 images (73.64%)
2025-04-05 01:39:53,354 - Processed 22900/31031 images (73.80%)
2025-04-05 01:39:54,185 - Processed 22950/31031 images (73.96%)
2025-04-05 01:39:55,016 - Processed 23000/31031 images (74.12%)
2025-04-05 01:39:55,814 - Processed 23050/31031 images (74.28%)
2025-04-05 01:39:56,631 - Processed 23100/31031 images (74.44%)
2025-04-05 01:39:57,458 - Processed 23150/31031 images (74.60%)
2025-04-05 01:39:58,392 - Processed 23200/31031 images (74.76%)
2025-04-05 01:39:59,213 - Processed 23250/31031 images (74.93%)
2025-04-05 01:39:59,918 - Processing class: Carrot
2025-04-05 01:40:00,031 - Processed 23300/31031 images (75.09%)
2025-04-05 01:40:00,839 - Processed 23350/31031 images (75.25%)
2025-04-05 01:40:01,698 - Processed 23400/31031 images (75.41%)
2025-04-05 01:40:02,441 - Processing class: Cauliflower
2025-04-05 01:40:02,543 - Processed 23450/31031 images (75.57%)
2025-04-05 01:40:03,360 - Processed 23500/31031 images (75.73%)
2025-04-05 01:40:04,176 - Processed 23550/31031 images (75.89%)
2025-04-05 01:40:04,993 - Processed 23600/31031 images (76.05%)
2025-04-05 01:40:05,814 - Processed 23650/31031 images (76.21%)
2025-04-05 01:40:06,623 - Processed 23700/31031 images (76.38%)
2025-04-05 01:40:07,483 - Processed 23750/31031 images (76.54%)
2025-04-05 01:40:08,278 - Processed 23800/31031 images (76.70%)
2025-04-05 01:40:09,114 - Processed 23850/31031 images (76.86%)
2025-04-05 01:40:09,926 - Processed 23900/31031 images (77.02%)
2025-04-05 01:40:10,760 - Processed 23950/31031 images (77.18%)
2025-04-05 01:40:11,713 - Processed 24000/31031 images (77.34%)
2025-04-05 01:40:12,577 - Processed 24050/31031 images (77.50%)
2025-04-05 01:40:13,409 - Processed 24100/31031 images (77.66%)
2025-04-05 01:40:14,165 - Processing class: Cherimoya
2025-04-05 01:40:14,235 - Processed 24150/31031 images (77.83%)
2025-04-05 01:40:15,028 - Processed 24200/31031 images (77.99%)
2025-04-05 01:40:15,834 - Processed 24250/31031 images (78.15%)
2025-04-05 01:40:16,664 - Processed 24300/31031 images (78.31%)
2025-04-05 01:40:17,475 - Processed 24350/31031 images (78.47%)
2025-04-05 01:40:18,292 - Processed 24400/31031 images (78.63%)
2025-04-05 01:40:19,098 - Processed 24450/31031 images (78.79%)
2025-04-05 01:40:19,945 - Processed 24500/31031 images (78.95%)
2025-04-05 01:40:20,814 - Processed 24550/31031 images (79.11%)
2025-04-05 01:40:21,675 - Processed 24600/31031 images (79.28%)
2025-04-05 01:40:22,545 - Processed 24650/31031 images (79.44%)
2025-04-05 01:40:23,353 - Processed 24700/31031 images (79.60%)
2025-04-05 01:40:24,366 - Processed 24750/31031 images (79.76%)
2025-04-05 01:40:25,256 - Processed 24800/31031 images (79.92%)
2025-04-05 01:40:26,099 - Processed 24850/31031 images (80.08%)
2025-04-05 01:40:26,955 - Processed 24900/31031 images (80.24%)
2025-04-05 01:40:27,834 - Processed 24950/31031 images (80.40%)
2025-04-05 01:40:28,640 - Processed 25000/31031 images (80.56%)
2025-04-05 01:40:29,432 - Processed 25050/31031 images (80.73%)
2025-04-05 01:40:30,243 - Processed 25100/31031 images (80.89%)
2025-04-05 01:40:30,543 - Processing class: Cherry
2025-04-05 01:40:31,073 - Processed 25150/31031 images (81.05%)
2025-04-05 01:40:31,863 - Processed 25200/31031 images (81.21%)
2025-04-05 01:40:32,766 - Processed 25250/31031 images (81.37%)
2025-04-05 01:40:33,608 - Processed 25300/31031 images (81.53%)
2025-04-05 01:40:34,466 - Processed 25350/31031 images (81.69%)
2025-04-05 01:40:35,310 - Processed 25400/31031 images (81.85%)
2025-04-05 01:40:36,160 - Processed 25450/31031 images (82.01%)
2025-04-05 01:40:36,984 - Processed 25500/31031 images (82.18%)
2025-04-05 01:40:37,807 - Processed 25550/31031 images (82.34%)
2025-04-05 01:40:38,619 - Processed 25600/31031 images (82.50%)
2025-04-05 01:40:38,786 - Processing class: Cherry
2025-04-05 01:40:39,439 - Processed 25650/31031 images (82.66%)
2025-04-05 01:40:40,338 - Processed 25700/31031 images (82.82%)
2025-04-05 01:40:41,125 - Processed 25750/31031 images (82.98%)
2025-04-05 01:40:41,960 - Processed 25800/31031 images (83.14%)
2025-04-05 01:40:42,765 - Processed 25850/31031 images (83.30%)
2025-04-05 01:40:43,600 - Processed 25900/31031 images (83.46%)
2025-04-05 01:40:44,423 - Processed 25950/31031 images (83.63%)
2025-04-05 01:40:45,251 - Processed 26000/31031 images (83.79%)
2025-04-05 01:40:46,088 - Processed 26050/31031 images (83.95%)
2025-04-05 01:40:46,935 - Processed 26100/31031 images (84.11%)
2025-04-05 01:40:47,783 - Processed 26150/31031 images (84.27%)
2025-04-05 01:40:48,617 - Processed 26200/31031 images (84.43%)
2025-04-05 01:40:49,473 - Processed 26250/31031 images (84.59%)
2025-04-05 01:40:50,274 - Processed 26300/31031 images (84.75%)
2025-04-05 01:40:51,039 - Processing class: CherryRainier
2025-04-05 01:40:51,074 - Processed 26350/31031 images (84.92%)
2025-04-05 01:40:51,887 - Processed 26400/31031 images (85.08%)
2025-04-05 01:40:52,722 - Processed 26450/31031 images (85.24%)
2025-04-05 01:40:53,561 - Processed 26500/31031 images (85.40%)
2025-04-05 01:40:54,397 - Processed 26550/31031 images (85.56%)
2025-04-05 01:40:55,235 - Processed 26600/31031 images (85.72%)
2025-04-05 01:40:56,038 - Processed 26650/31031 images (85.88%)
2025-04-05 01:40:56,864 - Processed 26700/31031 images (86.04%)
2025-04-05 01:40:57,738 - Processed 26750/31031 images (86.20%)
2025-04-05 01:40:58,564 - Processed 26800/31031 images (86.37%)
2025-04-05 01:40:59,382 - Processed 26850/31031 images (86.53%)
2025-04-05 01:41:00,173 - Processed 26900/31031 images (86.69%)
2025-04-05 01:41:01,028 - Processed 26950/31031 images (86.85%)
2025-04-05 01:41:01,843 - Processed 27000/31031 images (87.01%)
2025-04-05 01:41:02,671 - Processed 27050/31031 images (87.17%)
2025-04-05 01:41:03,269 - Processing class: CherryWaxBlack
2025-04-05 01:41:03,498 - Processed 27100/31031 images (87.33%)
2025-04-05 01:41:04,281 - Processed 27150/31031 images (87.49%)
2025-04-05 01:41:05,074 - Processed 27200/31031 images (87.65%)
2025-04-05 01:41:05,884 - Processed 27250/31031 images (87.82%)
2025-04-05 01:41:06,705 - Processed 27300/31031 images (87.98%)
2025-04-05 01:41:07,518 - Processed 27350/31031 images (88.14%)
2025-04-05 01:41:08,337 - Processed 27400/31031 images (88.30%)
2025-04-05 01:41:09,181 - Processed 27450/31031 images (88.46%)
2025-04-05 01:41:10,002 - Processed 27500/31031 images (88.62%)
2025-04-05 01:41:10,812 - Processed 27550/31031 images (88.78%)
2025-04-05 01:41:11,322 - Processing class: CherryWaxnotrippen
2025-04-05 01:41:11,685 - Processed 27600/31031 images (88.94%)
2025-04-05 01:41:12,523 - Processed 27650/31031 images (89.10%)
2025-04-05 01:41:13,333 - Processed 27700/31031 images (89.27%)
2025-04-05 01:41:14,150 - Processed 27750/31031 images (89.43%)
2025-04-05 01:41:14,989 - Processed 27800/31031 images (89.59%)
2025-04-05 01:41:15,829 - Processed 27850/31031 images (89.75%)
2025-04-05 01:41:16,656 - Processed 27900/31031 images (89.91%)
2025-04-05 01:41:17,497 - Processed 27950/31031 images (90.07%)
2025-04-05 01:41:18,333 - Processed 28000/31031 images (90.23%)
2025-04-05 01:41:19,150 - Processed 28050/31031 images (90.39%)
2025-04-05 01:41:19,971 - Processed 28100/31031 images (90.55%)
2025-04-05 01:41:20,779 - Processed 28150/31031 images (90.72%)
2025-04-05 01:41:21,623 - Processed 28200/31031 images (90.88%)
2025-04-05 01:41:22,455 - Processed 28250/31031 images (91.04%)
2025-04-05 01:41:22,510 - Processing class: CherryWaxRed
2025-04-05 01:41:23,378 - Processed 28300/31031 images (91.20%)
2025-04-05 01:41:24,209 - Processed 28350/31031 images (91.36%)
2025-04-05 01:41:25,049 - Processed 28400/31031 images (91.52%)
2025-04-05 01:41:25,920 - Processed 28450/31031 images (91.68%)
2025-04-05 01:41:26,738 - Processed 28500/31031 images (91.84%)
2025-04-05 01:41:27,598 - Processed 28550/31031 images (92.00%)
2025-04-05 01:41:28,420 - Processed 28600/31031 images (92.17%)
2025-04-05 01:41:29,228 - Processed 28650/31031 images (92.33%)
2025-04-05 01:41:30,039 - Processed 28700/31031 images (92.49%)
2025-04-05 01:41:30,762 - Processing class: CherryWaxYellow
2025-04-05 01:41:30,857 - Processed 28750/31031 images (92.65%)
2025-04-05 01:41:31,701 - Processed 28800/31031 images (92.81%)
2025-04-05 01:41:32,516 - Processed 28850/31031 images (92.97%)
2025-04-05 01:41:33,375 - Processed 28900/31031 images (93.13%)
2025-04-05 01:41:34,135 - Processed 28950/31031 images (93.29%)
2025-04-05 01:41:34,898 - Processed 29000/31031 images (93.45%)
2025-04-05 01:41:35,648 - Processed 29050/31031 images (93.62%)
2025-04-05 01:41:36,401 - Processed 29100/31031 images (93.78%)
2025-04-05 01:41:37,177 - Processed 29150/31031 images (93.94%)
2025-04-05 01:41:37,954 - Processed 29200/31031 images (94.10%)
2025-04-05 01:41:38,522 - Processing class: Chestnut
2025-04-05 01:41:38,721 - Processed 29250/31031 images (94.26%)
2025-04-05 01:41:39,474 - Processed 29300/31031 images (94.42%)
2025-04-05 01:41:40,225 - Processed 29350/31031 images (94.58%)
2025-04-05 01:41:40,971 - Processed 29400/31031 images (94.74%)
2025-04-05 01:41:41,734 - Processed 29450/31031 images (94.91%)
2025-04-05 01:41:42,502 - Processed 29500/31031 images (95.07%)
2025-04-05 01:41:43,249 - Processed 29550/31031 images (95.23%)
2025-04-05 01:41:44,031 - Processed 29600/31031 images (95.39%)
2025-04-05 01:41:44,811 - Processed 29650/31031 images (95.55%)
2025-04-05 01:41:45,398 - Processing class: Clementine
2025-04-05 01:41:45,604 - Processed 29700/31031 images (95.71%)
2025-04-05 01:41:46,364 - Processed 29750/31031 images (95.87%)
2025-04-05 01:41:47,141 - Processed 29800/31031 images (96.03%)
2025-04-05 01:41:48,110 - Processed 29850/31031 images (96.19%)
2025-04-05 01:41:48,876 - Processed 29900/31031 images (96.36%)
2025-04-05 01:41:49,629 - Processed 29950/31031 images (96.52%)
2025-04-05 01:41:50,491 - Processed 30000/31031 images (96.68%)
2025-04-05 01:41:51,390 - Processed 30050/31031 images (96.84%)
2025-04-05 01:41:52,183 - Processed 30100/31031 images (97.00%)
2025-04-05 01:41:53,048 - Processed 30150/31031 images (97.16%)
2025-04-05 01:41:53,481 - Processing class: Cocos
2025-04-05 01:41:53,859 - Processed 30200/31031 images (97.32%)
2025-04-05 01:41:54,741 - Processed 30250/31031 images (97.48%)
2025-04-05 01:41:55,604 - Processed 30300/31031 images (97.64%)
2025-04-05 01:41:56,463 - Processed 30350/31031 images (97.81%)
2025-04-05 01:41:57,322 - Processed 30400/31031 images (97.97%)
2025-04-05 01:41:58,166 - Processed 30450/31031 images (98.13%)
2025-04-05 01:41:59,026 - Processed 30500/31031 images (98.29%)
2025-04-05 01:41:59,871 - Processed 30550/31031 images (98.45%)
2025-04-05 01:42:00,747 - Processed 30600/31031 images (98.61%)
2025-04-05 01:42:01,617 - Processed 30650/31031 images (98.77%)
2025-04-05 01:42:01,908 - Processing class: Corn
2025-04-05 01:42:02,438 - Processed 30700/31031 images (98.93%)
2025-04-05 01:42:03,267 - Processed 30750/31031 images (99.09%)
2025-04-05 01:42:04,055 - Processed 30800/31031 images (99.26%)
2025-04-05 01:42:04,887 - Processed 30850/31031 images (99.42%)
2025-04-05 01:42:05,730 - Processed 30900/31031 images (99.58%)
2025-04-05 01:42:06,541 - Processed 30950/31031 images (99.74%)
2025-04-05 01:42:07,361 - Processed 31000/31031 images (99.90%)
2025-04-05 01:42:25,969 - Feature extraction complete. Saved to train_features.csv
2025-04-05 01:42:26,076 - Started feature extraction from fruits-360/Test. Total images to process: 28863
2025-04-05 01:42:26,077 - Processing class: Apple
2025-04-05 01:42:26,858 - Processed 50/28863 images (0.17%)
2025-04-05 01:42:27,649 - Processed 100/28863 images (0.35%)
2025-04-05 01:42:28,416 - Processed 150/28863 images (0.52%)
2025-04-05 01:42:29,182 - Processed 200/28863 images (0.69%)
2025-04-05 01:42:29,661 - Processing class: Apple
2025-04-05 01:42:29,958 - Processed 250/28863 images (0.87%)
2025-04-05 01:42:30,742 - Processed 300/28863 images (1.04%)
2025-04-05 01:42:31,524 - Processed 350/28863 images (1.21%)
2025-04-05 01:42:32,069 - Processing class: Apple
2025-04-05 01:42:32,310 - Processed 400/28863 images (1.39%)
2025-04-05 01:42:33,087 - Processed 450/28863 images (1.56%)
2025-04-05 01:42:33,874 - Processed 500/28863 images (1.73%)
2025-04-05 01:42:34,688 - Processed 550/28863 images (1.91%)
2025-04-05 01:42:35,464 - Processed 600/28863 images (2.08%)
2025-04-05 01:42:35,781 - Processing class: Apple
2025-04-05 01:42:36,242 - Processed 650/28863 images (2.25%)
2025-04-05 01:42:37,023 - Processed 700/28863 images (2.43%)
2025-04-05 01:42:37,801 - Processed 750/28863 images (2.60%)
2025-04-05 01:42:38,172 - Processing class: Apple
2025-04-05 01:42:38,580 - Processed 800/28863 images (2.77%)
2025-04-05 01:42:39,367 - Processed 850/28863 images (2.94%)
2025-04-05 01:42:40,158 - Processed 900/28863 images (3.12%)
2025-04-05 01:42:40,940 - Processed 950/28863 images (3.29%)
2025-04-05 01:42:41,327 - Processing class: Apple
2025-04-05 01:42:41,716 - Processed 1000/28863 images (3.46%)
2025-04-05 01:42:42,519 - Processed 1050/28863 images (3.64%)
2025-04-05 01:42:43,304 - Processed 1100/28863 images (3.81%)
2025-04-05 01:42:44,124 - Processed 1150/28863 images (3.98%)
2025-04-05 01:42:44,907 - Processed 1200/28863 images (4.16%)
2025-04-05 01:42:45,165 - Processing class: Apple
2025-04-05 01:42:45,709 - Processed 1250/28863 images (4.33%)
2025-04-05 01:42:46,514 - Processed 1300/28863 images (4.50%)
2025-04-05 01:42:47,287 - Processed 1350/28863 images (4.68%)
2025-04-05 01:42:47,645 - Processing class: Apple
2025-04-05 01:42:48,074 - Processed 1400/28863 images (4.85%)
2025-04-05 01:42:48,873 - Processed 1450/28863 images (5.02%)
2025-04-05 01:42:49,669 - Processed 1500/28863 images (5.20%)
2025-04-05 01:42:50,486 - Processed 1550/28863 images (5.37%)
2025-04-05 01:42:51,288 - Processed 1600/28863 images (5.54%)
2025-04-05 01:42:51,367 - Processing class: AppleBraeburn
2025-04-05 01:42:52,126 - Processed 1650/28863 images (5.72%)
2025-04-05 01:42:52,923 - Processed 1700/28863 images (5.89%)
2025-04-05 01:42:53,733 - Processed 1750/28863 images (6.06%)
2025-04-05 01:42:54,011 - Processing class: AppleCore
2025-04-05 01:42:54,493 - Processed 1800/28863 images (6.24%)
2025-04-05 01:42:55,260 - Processing class: AppleCrimsonSnow
2025-04-05 01:42:55,329 - Processed 1850/28863 images (6.41%)
2025-04-05 01:42:56,127 - Processed 1900/28863 images (6.58%)
2025-04-05 01:42:56,930 - Processed 1950/28863 images (6.76%)
2025-04-05 01:42:57,631 - Processing class: AppleGolden
2025-04-05 01:42:57,725 - Processed 2000/28863 images (6.93%)
2025-04-05 01:42:58,486 - Processed 2050/28863 images (7.10%)
2025-04-05 01:42:59,270 - Processed 2100/28863 images (7.28%)
2025-04-05 01:43:00,063 - Processed 2150/28863 images (7.45%)
2025-04-05 01:43:00,143 - Processing class: AppleGolden
2025-04-05 01:43:00,862 - Processed 2200/28863 images (7.62%)
2025-04-05 01:43:01,671 - Processed 2250/28863 images (7.80%)
2025-04-05 01:43:02,474 - Processed 2300/28863 images (7.97%)
2025-04-05 01:43:02,776 - Processing class: AppleGolden
2025-04-05 01:43:03,279 - Processed 2350/28863 images (8.14%)
2025-04-05 01:43:04,107 - Processed 2400/28863 images (8.32%)
2025-04-05 01:43:04,899 - Processed 2450/28863 images (8.49%)
2025-04-05 01:43:05,339 - Processing class: AppleGrannySmith
2025-04-05 01:43:05,660 - Processed 2500/28863 images (8.66%)
2025-04-05 01:43:06,449 - Processed 2550/28863 images (8.83%)
2025-04-05 01:43:07,245 - Processed 2600/28863 images (9.01%)
2025-04-05 01:43:07,956 - Processing class: Applehit
2025-04-05 01:43:08,073 - Processed 2650/28863 images (9.18%)
2025-04-05 01:43:08,838 - Processed 2700/28863 images (9.35%)
2025-04-05 01:43:09,590 - Processed 2750/28863 images (9.53%)
2025-04-05 01:43:10,407 - Processed 2800/28863 images (9.70%)
2025-04-05 01:43:11,193 - Processed 2850/28863 images (9.87%)
2025-04-05 01:43:11,602 - Processing class: ApplePinkLady
2025-04-05 01:43:11,956 - Processed 2900/28863 images (10.05%)
2025-04-05 01:43:12,715 - Processed 2950/28863 images (10.22%)
2025-04-05 01:43:13,489 - Processed 3000/28863 images (10.39%)
2025-04-05 01:43:13,939 - Processing class: AppleRed
2025-04-05 01:43:14,244 - Processed 3050/28863 images (10.57%)
2025-04-05 01:43:15,060 - Processed 3100/28863 images (10.74%)
2025-04-05 01:43:15,853 - Processed 3150/28863 images (10.91%)
2025-04-05 01:43:16,549 - Processing class: AppleRed
2025-04-05 01:43:16,669 - Processed 3200/28863 images (11.09%)
2025-04-05 01:43:17,466 - Processed 3250/28863 images (11.26%)
2025-04-05 01:43:18,298 - Processed 3300/28863 images (11.43%)
2025-04-05 01:43:19,070 - Processed 3350/28863 images (11.61%)
2025-04-05 01:43:19,183 - Processing class: AppleRed
2025-04-05 01:43:20,082 - Processed 3400/28863 images (11.78%)
2025-04-05 01:43:20,882 - Processed 3450/28863 images (11.95%)
2025-04-05 01:43:21,682 - Processed 3500/28863 images (12.13%)
2025-04-05 01:43:21,700 - Processing class: AppleRedDelicious
2025-04-05 01:43:22,503 - Processed 3550/28863 images (12.30%)
2025-04-05 01:43:23,453 - Processed 3600/28863 images (12.47%)
2025-04-05 01:43:24,264 - Processed 3650/28863 images (12.65%)
2025-04-05 01:43:24,550 - Processing class: AppleRedYellow
2025-04-05 01:43:25,097 - Processed 3700/28863 images (12.82%)
2025-04-05 01:43:25,935 - Processed 3750/28863 images (12.99%)
2025-04-05 01:43:26,761 - Processed 3800/28863 images (13.17%)
2025-04-05 01:43:27,266 - Processing class: AppleRedYellow
2025-04-05 01:43:27,603 - Processed 3850/28863 images (13.34%)
2025-04-05 01:43:28,405 - Processed 3900/28863 images (13.51%)
2025-04-05 01:43:29,212 - Processed 3950/28863 images (13.69%)
2025-04-05 01:43:30,002 - Processed 4000/28863 images (13.86%)
2025-04-05 01:43:30,844 - Processed 4050/28863 images (14.03%)
2025-04-05 01:43:30,844 - Processing class: AppleRotten
2025-04-05 01:43:31,679 - Processed 4100/28863 images (14.21%)
2025-04-05 01:43:32,524 - Processed 4150/28863 images (14.38%)
2025-04-05 01:43:33,350 - Processed 4200/28863 images (14.55%)
2025-04-05 01:43:33,540 - Processing class: Appleworm
2025-04-05 01:43:34,157 - Processed 4250/28863 images (14.72%)
2025-04-05 01:43:34,959 - Processed 4300/28863 images (14.90%)
2025-04-05 01:43:35,775 - Processed 4350/28863 images (15.07%)
2025-04-05 01:43:36,593 - Processed 4400/28863 images (15.24%)
2025-04-05 01:43:37,318 - Processing class: Apricot
2025-04-05 01:43:37,506 - Processed 4450/28863 images (15.42%)
2025-04-05 01:43:38,307 - Processed 4500/28863 images (15.59%)
2025-04-05 01:43:39,147 - Processed 4550/28863 images (15.76%)
2025-04-05 01:43:40,023 - Processed 4600/28863 images (15.94%)
2025-04-05 01:43:40,137 - Processing class: Avocado
2025-04-05 01:43:40,834 - Processed 4650/28863 images (16.11%)
2025-04-05 01:43:41,629 - Processed 4700/28863 images (16.28%)
2025-04-05 01:43:42,418 - Processed 4750/28863 images (16.46%)
2025-04-05 01:43:42,419 - Processing class: Avocadoripe
2025-04-05 01:43:43,638 - Processed 4800/28863 images (16.63%)
2025-04-05 01:43:44,462 - Processed 4850/28863 images (16.80%)
2025-04-05 01:43:45,367 - Processed 4900/28863 images (16.98%)
2025-04-05 01:43:45,635 - Processing class: Banana
2025-04-05 01:43:46,183 - Processed 4950/28863 images (17.15%)
2025-04-05 01:43:46,973 - Processed 5000/28863 images (17.32%)
2025-04-05 01:43:47,778 - Processed 5050/28863 images (17.50%)
2025-04-05 01:43:48,418 - Processing class: Banana
2025-04-05 01:43:48,707 - Processed 5100/28863 images (17.67%)
2025-04-05 01:43:49,502 - Processed 5150/28863 images (17.84%)
2025-04-05 01:43:49,645 - Processing class: BananaLadyFinger
2025-04-05 01:43:50,303 - Processed 5200/28863 images (18.02%)
2025-04-05 01:43:51,090 - Processed 5250/28863 images (18.19%)
2025-04-05 01:43:51,916 - Processed 5300/28863 images (18.36%)
2025-04-05 01:43:52,103 - Processing class: BananaRed
2025-04-05 01:43:53,067 - Processed 5350/28863 images (18.54%)
2025-04-05 01:43:54,110 - Processed 5400/28863 images (18.71%)
2025-04-05 01:43:55,105 - Processed 5450/28863 images (18.88%)
2025-04-05 01:43:55,550 - Processing class: Beans
2025-04-05 01:43:55,957 - Processed 5500/28863 images (19.06%)
2025-04-05 01:43:56,791 - Processed 5550/28863 images (19.23%)
2025-04-05 01:43:56,859 - Processing class: Beetroot
2025-04-05 01:43:57,701 - Processed 5600/28863 images (19.40%)
2025-04-05 01:43:58,533 - Processed 5650/28863 images (19.58%)
2025-04-05 01:43:59,342 - Processed 5700/28863 images (19.75%)
2025-04-05 01:43:59,419 - Processing class: Blackberrie
2025-04-05 01:44:00,180 - Processed 5750/28863 images (19.92%)
2025-04-05 01:44:00,985 - Processed 5800/28863 images (20.09%)
2025-04-05 01:44:01,815 - Processed 5850/28863 images (20.27%)
2025-04-05 01:44:01,885 - Processing class: Blackberrie
2025-04-05 01:44:02,646 - Processed 5900/28863 images (20.44%)
2025-04-05 01:44:03,109 - Processing class: Blackberriehalfrippen
2025-04-05 01:44:03,482 - Processed 5950/28863 images (20.61%)
2025-04-05 01:44:04,323 - Processed 6000/28863 images (20.79%)
2025-04-05 01:44:05,174 - Processed 6050/28863 images (20.96%)
2025-04-05 01:44:05,666 - Processing class: Blackberrienotrippen
2025-04-05 01:44:06,033 - Processed 6100/28863 images (21.13%)
2025-04-05 01:44:06,862 - Processed 6150/28863 images (21.31%)
2025-04-05 01:44:07,704 - Processed 6200/28863 images (21.48%)
2025-04-05 01:44:08,546 - Processed 6250/28863 images (21.65%)
2025-04-05 01:44:09,413 - Processed 6300/28863 images (21.83%)
2025-04-05 01:44:09,482 - Processing class: Blueberry
2025-04-05 01:44:10,241 - Processed 6350/28863 images (22.00%)
2025-04-05 01:44:11,073 - Processed 6400/28863 images (22.17%)
2025-04-05 01:44:11,924 - Processed 6450/28863 images (22.35%)
2025-04-05 01:44:12,066 - Processing class: Cabbagered
2025-04-05 01:44:12,756 - Processed 6500/28863 images (22.52%)
2025-04-05 01:44:12,888 - Processing class: Cabbagewhite
2025-04-05 01:44:13,590 - Processed 6550/28863 images (22.69%)
2025-04-05 01:44:13,658 - Processing class: Cactusfruit
2025-04-05 01:44:14,714 - Processed 6600/28863 images (22.87%)
2025-04-05 01:44:15,740 - Processed 6650/28863 images (23.04%)
2025-04-05 01:44:16,761 - Processed 6700/28863 images (23.21%)
2025-04-05 01:44:17,149 - Processing class: Cactusfruitgreen
2025-04-05 01:44:17,784 - Processed 6750/28863 images (23.39%)
2025-04-05 01:44:18,607 - Processed 6800/28863 images (23.56%)
2025-04-05 01:44:19,522 - Processed 6850/28863 images (23.73%)
2025-04-05 01:44:20,375 - Processed 6900/28863 images (23.91%)
2025-04-05 01:44:21,313 - Processed 6950/28863 images (24.08%)
2025-04-05 01:44:21,333 - Processing class: Cactusfruitred
2025-04-05 01:44:22,217 - Processed 7000/28863 images (24.25%)
2025-04-05 01:44:23,172 - Processed 7050/28863 images (24.43%)
2025-04-05 01:44:24,028 - Processed 7100/28863 images (24.60%)
2025-04-05 01:44:24,888 - Processed 7150/28863 images (24.77%)
2025-04-05 01:44:25,534 - Processing class: Cantaloupe
2025-04-05 01:44:25,736 - Processed 7200/28863 images (24.95%)
2025-04-05 01:44:26,556 - Processed 7250/28863 images (25.12%)
2025-04-05 01:44:27,390 - Processed 7300/28863 images (25.29%)
2025-04-05 01:44:28,205 - Processed 7350/28863 images (25.47%)
2025-04-05 01:44:28,242 - Processing class: Cantaloupe
2025-04-05 01:44:29,022 - Processed 7400/28863 images (25.64%)
2025-04-05 01:44:29,868 - Processed 7450/28863 images (25.81%)
2025-04-05 01:44:30,774 - Processed 7500/28863 images (25.98%)
2025-04-05 01:44:31,043 - Processing class: Carambula
2025-04-05 01:44:31,612 - Processed 7550/28863 images (26.16%)
2025-04-05 01:44:32,421 - Processed 7600/28863 images (26.33%)
2025-04-05 01:44:33,230 - Processed 7650/28863 images (26.50%)
2025-04-05 01:44:33,746 - Processing class: Carrot
2025-04-05 01:44:34,040 - Processed 7700/28863 images (26.68%)
2025-04-05 01:44:34,551 - Processing class: Cauliflower
2025-04-05 01:44:34,842 - Processed 7750/28863 images (26.85%)
2025-04-05 01:44:35,668 - Processed 7800/28863 images (27.02%)
2025-04-05 01:44:36,471 - Processed 7850/28863 images (27.20%)
2025-04-05 01:44:37,302 - Processed 7900/28863 images (27.37%)
2025-04-05 01:44:38,143 - Processed 7950/28863 images (27.54%)
2025-04-05 01:44:38,461 - Processing class: Cherimoya
2025-04-05 01:44:39,072 - Processed 8000/28863 images (27.72%)
2025-04-05 01:44:39,886 - Processed 8050/28863 images (27.89%)
2025-04-05 01:44:40,705 - Processed 8100/28863 images (28.06%)
2025-04-05 01:44:41,505 - Processed 8150/28863 images (28.24%)
2025-04-05 01:44:42,346 - Processed 8200/28863 images (28.41%)
2025-04-05 01:44:43,238 - Processed 8250/28863 images (28.58%)
2025-04-05 01:44:43,901 - Processing class: Cherry
2025-04-05 01:44:44,135 - Processed 8300/28863 images (28.76%)
2025-04-05 01:44:44,990 - Processed 8350/28863 images (28.93%)
2025-04-05 01:44:45,901 - Processed 8400/28863 images (29.10%)
2025-04-05 01:44:46,755 - Processed 8450/28863 images (29.28%)
2025-04-05 01:44:46,755 - Processing class: Cherry
2025-04-05 01:44:47,622 - Processed 8500/28863 images (29.45%)
2025-04-05 01:44:48,512 - Processed 8550/28863 images (29.62%)
2025-04-05 01:44:49,358 - Processed 8600/28863 images (29.80%)
2025-04-05 01:44:50,173 - Processed 8650/28863 images (29.97%)
2025-04-05 01:44:50,940 - Processing class: CherryRainier
2025-04-05 01:44:51,007 - Processed 8700/28863 images (30.14%)
2025-04-05 01:44:51,828 - Processed 8750/28863 images (30.32%)
2025-04-05 01:44:52,703 - Processed 8800/28863 images (30.49%)
2025-04-05 01:44:53,522 - Processed 8850/28863 images (30.66%)
2025-04-05 01:44:54,348 - Processed 8900/28863 images (30.84%)
2025-04-05 01:44:55,040 - Processing class: CherryWaxBlack
2025-04-05 01:44:55,174 - Processed 8950/28863 images (31.01%)
2025-04-05 01:44:55,997 - Processed 9000/28863 images (31.18%)
2025-04-05 01:44:56,761 - Processed 9050/28863 images (31.36%)
2025-04-05 01:44:57,600 - Processed 9100/28863 images (31.53%)
2025-04-05 01:44:57,699 - Processing class: CherryWaxnotrippen
2025-04-05 01:44:58,410 - Processed 9150/28863 images (31.70%)
2025-04-05 01:44:59,230 - Processed 9200/28863 images (31.87%)
2025-04-05 01:45:00,182 - Processed 9250/28863 images (32.05%)
2025-04-05 01:45:01,011 - Processed 9300/28863 images (32.22%)
2025-04-05 01:45:01,501 - Processing class: CherryWaxRed
2025-04-05 01:45:01,813 - Processed 9350/28863 images (32.39%)
2025-04-05 01:45:02,613 - Processed 9400/28863 images (32.57%)
2025-04-05 01:45:03,412 - Processed 9450/28863 images (32.74%)
2025-04-05 01:45:04,133 - Processing class: CherryWaxYellow
2025-04-05 01:45:04,214 - Processed 9500/28863 images (32.91%)
2025-04-05 01:45:05,017 - Processed 9550/28863 images (33.09%)
2025-04-05 01:45:05,794 - Processed 9600/28863 images (33.26%)
2025-04-05 01:45:06,574 - Processed 9650/28863 images (33.43%)
2025-04-05 01:45:06,722 - Processing class: Chestnut
2025-04-05 01:45:07,391 - Processed 9700/28863 images (33.61%)
2025-04-05 01:45:08,173 - Processed 9750/28863 images (33.78%)
2025-04-05 01:45:08,963 - Processed 9800/28863 images (33.95%)
2025-04-05 01:45:09,156 - Processing class: Clementine
2025-04-05 01:45:09,779 - Processed 9850/28863 images (34.13%)
2025-04-05 01:45:10,687 - Processed 9900/28863 images (34.30%)
2025-04-05 01:45:11,498 - Processed 9950/28863 images (34.47%)
2025-04-05 01:45:11,977 - Processing class: Cocos
2025-04-05 01:45:12,335 - Processed 10000/28863 images (34.65%)
2025-04-05 01:45:13,137 - Processed 10050/28863 images (34.82%)
2025-04-05 01:45:13,934 - Processed 10100/28863 images (34.99%)
2025-04-05 01:45:14,641 - Processing class: Corn
2025-04-05 01:45:14,738 - Processed 10150/28863 images (35.17%)
2025-04-05 01:45:15,590 - Processed 10200/28863 images (35.34%)
2025-04-05 01:45:16,515 - Processed 10250/28863 images (35.51%)
2025-04-05 01:45:17,212 - Processing class: CornHusk
2025-04-05 01:45:17,309 - Processed 10300/28863 images (35.69%)
2025-04-05 01:45:18,099 - Processed 10350/28863 images (35.86%)
2025-04-05 01:45:18,943 - Processed 10400/28863 images (36.03%)
2025-04-05 01:45:19,708 - Processing class: Cucumber
2025-04-05 01:45:19,745 - Processed 10450/28863 images (36.21%)
2025-04-05 01:45:20,530 - Processing class: Cucumber
2025-04-05 01:45:20,563 - Processed 10500/28863 images (36.38%)
2025-04-05 01:45:21,328 - Processed 10550/28863 images (36.55%)
2025-04-05 01:45:22,099 - Processed 10600/28863 images (36.73%)
2025-04-05 01:45:22,896 - Processed 10650/28863 images (36.90%)
2025-04-05 01:45:23,722 - Processed 10700/28863 images (37.07%)
2025-04-05 01:45:24,331 - Processing class: Cucumber
2025-04-05 01:45:24,540 - Processed 10750/28863 images (37.24%)
2025-04-05 01:45:25,481 - Processed 10800/28863 images (37.42%)
2025-04-05 01:45:25,793 - Processing class: Cucumber
2025-04-05 01:45:26,308 - Processed 10850/28863 images (37.59%)
2025-04-05 01:45:27,145 - Processed 10900/28863 images (37.76%)
2025-04-05 01:45:28,000 - Processed 10950/28863 images (37.94%)
2025-04-05 01:45:28,388 - Processing class: CucumberRipe
2025-04-05 01:45:28,898 - Processed 11000/28863 images (38.11%)
2025-04-05 01:45:29,704 - Processed 11050/28863 images (38.28%)
2025-04-05 01:45:30,511 - Processed 11100/28863 images (38.46%)
2025-04-05 01:45:30,566 - Processing class: CucumberRipe
2025-04-05 01:45:31,364 - Processed 11150/28863 images (38.63%)
2025-04-05 01:45:32,520 - Processed 11200/28863 images (38.80%)
2025-04-05 01:45:33,625 - Processed 11250/28863 images (38.98%)
2025-04-05 01:45:33,794 - Processing class: Dates
2025-04-05 01:45:34,535 - Processed 11300/28863 images (39.15%)
2025-04-05 01:45:35,364 - Processed 11350/28863 images (39.32%)
2025-04-05 01:45:36,198 - Processed 11400/28863 images (39.50%)
2025-04-05 01:45:36,607 - Processing class: Eggplant
2025-04-05 01:45:37,010 - Processed 11450/28863 images (39.67%)
2025-04-05 01:45:37,858 - Processed 11500/28863 images (39.84%)
2025-04-05 01:45:38,678 - Processed 11550/28863 images (40.02%)
2025-04-05 01:45:39,195 - Processing class: Eggplantlong
2025-04-05 01:45:39,504 - Processed 11600/28863 images (40.19%)
2025-04-05 01:45:40,313 - Processed 11650/28863 images (40.36%)
2025-04-05 01:45:40,485 - Processing class: Fig
2025-04-05 01:45:41,095 - Processed 11700/28863 images (40.54%)
2025-04-05 01:45:41,884 - Processed 11750/28863 images (40.71%)
2025-04-05 01:45:42,711 - Processed 11800/28863 images (40.88%)
2025-04-05 01:45:43,544 - Processed 11850/28863 images (41.06%)
2025-04-05 01:45:44,289 - Processing class: GingerRoot
2025-04-05 01:45:44,372 - Processed 11900/28863 images (41.23%)
2025-04-05 01:45:45,275 - Processed 11950/28863 images (41.40%)
2025-04-05 01:45:45,974 - Processing class: Gooseberry
2025-04-05 01:45:46,069 - Processed 12000/28863 images (41.58%)
2025-04-05 01:45:46,890 - Processed 12050/28863 images (41.75%)
2025-04-05 01:45:47,737 - Processed 12100/28863 images (41.92%)
2025-04-05 01:45:48,540 - Processing class: Granadilla
2025-04-05 01:45:48,579 - Processed 12150/28863 images (42.10%)
2025-04-05 01:45:49,428 - Processed 12200/28863 images (42.27%)
2025-04-05 01:45:50,285 - Processed 12250/28863 images (42.44%)
2025-04-05 01:45:51,103 - Processed 12300/28863 images (42.62%)
2025-04-05 01:45:51,320 - Processing class: GrapeBlue
2025-04-05 01:45:51,880 - Processed 12350/28863 images (42.79%)
2025-04-05 01:45:52,692 - Processed 12400/28863 images (42.96%)
2025-04-05 01:45:53,759 - Processed 12450/28863 images (43.13%)
2025-04-05 01:45:54,613 - Processed 12500/28863 images (43.31%)
2025-04-05 01:45:55,456 - Processed 12550/28863 images (43.48%)
2025-04-05 01:45:56,243 - Processed 12600/28863 images (43.65%)
2025-04-05 01:45:56,935 - Processing class: GrapePink
2025-04-05 01:45:57,059 - Processed 12650/28863 images (43.83%)
2025-04-05 01:45:57,871 - Processed 12700/28863 images (44.00%)
2025-04-05 01:45:58,663 - Processed 12750/28863 images (44.17%)
2025-04-05 01:45:59,459 - Processed 12800/28863 images (44.35%)
2025-04-05 01:45:59,565 - Processing class: GrapeWhite
2025-04-05 01:46:00,258 - Processed 12850/28863 images (44.52%)
2025-04-05 01:46:01,074 - Processed 12900/28863 images (44.69%)
2025-04-05 01:46:01,886 - Processed 12950/28863 images (44.87%)
2025-04-05 01:46:02,233 - Processing class: GrapeWhite
2025-04-05 01:46:02,690 - Processed 13000/28863 images (45.04%)
2025-04-05 01:46:03,493 - Processed 13050/28863 images (45.21%)
2025-04-05 01:46:04,291 - Processed 13100/28863 images (45.39%)
2025-04-05 01:46:04,877 - Processing class: GrapeWhite
2025-04-05 01:46:05,082 - Processed 13150/28863 images (45.56%)
2025-04-05 01:46:05,871 - Processed 13200/28863 images (45.73%)
2025-04-05 01:46:06,686 - Processed 13250/28863 images (45.91%)
2025-04-05 01:46:07,489 - Processed 13300/28863 images (46.08%)
2025-04-05 01:46:07,523 - Processing class: GrapeWhite
2025-04-05 01:46:08,300 - Processed 13350/28863 images (46.25%)
2025-04-05 01:46:09,098 - Processed 13400/28863 images (46.43%)
2025-04-05 01:46:09,915 - Processed 13450/28863 images (46.60%)
2025-04-05 01:46:10,069 - Processing class: GrapefruitPink
2025-04-05 01:46:10,702 - Processed 13500/28863 images (46.77%)
2025-04-05 01:46:11,517 - Processed 13550/28863 images (46.95%)
2025-04-05 01:46:12,331 - Processed 13600/28863 images (47.12%)
2025-04-05 01:46:12,741 - Processing class: GrapefruitWhite
2025-04-05 01:46:13,113 - Processed 13650/28863 images (47.29%)
2025-04-05 01:46:13,939 - Processed 13700/28863 images (47.47%)
2025-04-05 01:46:14,749 - Processed 13750/28863 images (47.64%)
2025-04-05 01:46:15,351 - Processing class: Guava
2025-04-05 01:46:15,539 - Processed 13800/28863 images (47.81%)
2025-04-05 01:46:16,473 - Processed 13850/28863 images (47.99%)
2025-04-05 01:46:17,307 - Processed 13900/28863 images (48.16%)
2025-04-05 01:46:18,118 - Processed 13950/28863 images (48.33%)
2025-04-05 01:46:18,217 - Processing class: Hazelnut
2025-04-05 01:46:18,983 - Processed 14000/28863 images (48.51%)
2025-04-05 01:46:19,808 - Processed 14050/28863 images (48.68%)
2025-04-05 01:46:20,651 - Processed 14100/28863 images (48.85%)
2025-04-05 01:46:20,873 - Processing class: Huckleberry
2025-04-05 01:46:21,558 - Processed 14150/28863 images (49.02%)
2025-04-05 01:46:22,371 - Processed 14200/28863 images (49.20%)
2025-04-05 01:46:23,191 - Processed 14250/28863 images (49.37%)
2025-04-05 01:46:23,667 - Processing class: Kaki
2025-04-05 01:46:24,024 - Processed 14300/28863 images (49.54%)
2025-04-05 01:46:24,856 - Processed 14350/28863 images (49.72%)
2025-04-05 01:46:25,694 - Processed 14400/28863 images (49.89%)
2025-04-05 01:46:26,459 - Processing class: Kiwi
2025-04-05 01:46:26,555 - Processed 14450/28863 images (50.06%)
2025-04-05 01:46:27,493 - Processed 14500/28863 images (50.24%)
2025-04-05 01:46:28,299 - Processed 14550/28863 images (50.41%)
2025-04-05 01:46:29,232 - Processed 14600/28863 images (50.58%)
2025-04-05 01:46:29,248 - Processing class: Kohlrabi
2025-04-05 01:46:30,054 - Processed 14650/28863 images (50.76%)
2025-04-05 01:46:30,894 - Processed 14700/28863 images (50.93%)
2025-04-05 01:46:31,735 - Processed 14750/28863 images (51.10%)
2025-04-05 01:46:31,864 - Processing class: Kumquats
2025-04-05 01:46:32,550 - Processed 14800/28863 images (51.28%)
2025-04-05 01:46:33,356 - Processed 14850/28863 images (51.45%)
2025-04-05 01:46:34,172 - Processed 14900/28863 images (51.62%)
2025-04-05 01:46:34,561 - Processing class: Lemon
2025-04-05 01:46:34,982 - Processed 14950/28863 images (51.80%)
2025-04-05 01:46:35,817 - Processed 15000/28863 images (51.97%)
2025-04-05 01:46:36,693 - Processed 15050/28863 images (52.14%)
2025-04-05 01:46:37,341 - Processing class: LemonMeyer
2025-04-05 01:46:37,558 - Processed 15100/28863 images (52.32%)
2025-04-05 01:46:38,444 - Processed 15150/28863 images (52.49%)
2025-04-05 01:46:39,323 - Processed 15200/28863 images (52.66%)
2025-04-05 01:46:40,167 - Processed 15250/28863 images (52.84%)
2025-04-05 01:46:40,232 - Processing class: Limes
2025-04-05 01:46:40,975 - Processed 15300/28863 images (53.01%)
2025-04-05 01:46:41,794 - Processed 15350/28863 images (53.18%)
2025-04-05 01:46:42,623 - Processed 15400/28863 images (53.36%)
2025-04-05 01:46:42,944 - Processing class: Lychee
2025-04-05 01:46:43,430 - Processed 15450/28863 images (53.53%)
2025-04-05 01:46:44,265 - Processed 15500/28863 images (53.70%)
2025-04-05 01:46:45,187 - Processed 15550/28863 images (53.88%)
2025-04-05 01:46:45,770 - Processing class: Mandarine
2025-04-05 01:46:45,995 - Processed 15600/28863 images (54.05%)
2025-04-05 01:46:46,779 - Processed 15650/28863 images (54.22%)
2025-04-05 01:46:47,604 - Processed 15700/28863 images (54.39%)
2025-04-05 01:46:48,481 - Processed 15750/28863 images (54.57%)
2025-04-05 01:46:48,515 - Processing class: Mango
2025-04-05 01:46:49,302 - Processed 15800/28863 images (54.74%)
2025-04-05 01:46:50,093 - Processed 15850/28863 images (54.91%)
2025-04-05 01:46:50,891 - Processed 15900/28863 images (55.09%)
2025-04-05 01:46:51,194 - Processing class: MangoRed
2025-04-05 01:46:51,774 - Processed 15950/28863 images (55.26%)
2025-04-05 01:46:52,598 - Processed 16000/28863 images (55.43%)
2025-04-05 01:46:53,458 - Processed 16050/28863 images (55.61%)
2025-04-05 01:46:53,619 - Processing class: Mangostan
2025-04-05 01:46:54,299 - Processed 16100/28863 images (55.78%)
2025-04-05 01:46:55,096 - Processed 16150/28863 images (55.95%)
2025-04-05 01:46:55,287 - Processing class: Maracuja
2025-04-05 01:46:55,874 - Processed 16200/28863 images (56.13%)
2025-04-05 01:46:56,703 - Processed 16250/28863 images (56.30%)
2025-04-05 01:46:57,582 - Processed 16300/28863 images (56.47%)
2025-04-05 01:46:58,053 - Processing class: MelonPieldeSapo
2025-04-05 01:46:58,409 - Processed 16350/28863 images (56.65%)
2025-04-05 01:46:59,244 - Processed 16400/28863 images (56.82%)
2025-04-05 01:47:00,075 - Processed 16450/28863 images (56.99%)
2025-04-05 01:47:00,893 - Processed 16500/28863 images (57.17%)
2025-04-05 01:47:01,688 - Processed 16550/28863 images (57.34%)
2025-04-05 01:47:02,075 - Processing class: Mulberry
2025-04-05 01:47:02,588 - Processed 16600/28863 images (57.51%)
2025-04-05 01:47:03,447 - Processed 16650/28863 images (57.69%)
2025-04-05 01:47:04,303 - Processed 16700/28863 images (57.86%)
2025-04-05 01:47:04,921 - Processing class: Nectarine
2025-04-05 01:47:05,113 - Processed 16750/28863 images (58.03%)
2025-04-05 01:47:05,917 - Processed 16800/28863 images (58.21%)
2025-04-05 01:47:06,818 - Processed 16850/28863 images (58.38%)
2025-04-05 01:47:07,636 - Processed 16900/28863 images (58.55%)
2025-04-05 01:47:07,674 - Processing class: NectarineFlat
2025-04-05 01:47:08,552 - Processed 16950/28863 images (58.73%)
2025-04-05 01:47:09,384 - Processed 17000/28863 images (58.90%)
2025-04-05 01:47:10,218 - Processed 17050/28863 images (59.07%)
2025-04-05 01:47:10,418 - Processing class: NutForest
2025-04-05 01:47:11,046 - Processed 17100/28863 images (59.25%)
2025-04-05 01:47:11,854 - Processed 17150/28863 images (59.42%)
2025-04-05 01:47:12,644 - Processed 17200/28863 images (59.59%)
2025-04-05 01:47:13,436 - Processed 17250/28863 images (59.77%)
2025-04-05 01:47:13,893 - Processing class: NutPecan
2025-04-05 01:47:14,206 - Processed 17300/28863 images (59.94%)
2025-04-05 01:47:14,960 - Processed 17350/28863 images (60.11%)
2025-04-05 01:47:15,714 - Processed 17400/28863 images (60.28%)
2025-04-05 01:47:16,482 - Processed 17450/28863 images (60.46%)
2025-04-05 01:47:16,613 - Processing class: OnionRed
2025-04-05 01:47:17,288 - Processed 17500/28863 images (60.63%)
2025-04-05 01:47:18,067 - Processed 17550/28863 images (60.80%)
2025-04-05 01:47:18,809 - Processed 17600/28863 images (60.98%)
2025-04-05 01:47:18,942 - Processing class: OnionRedPeeled
2025-04-05 01:47:19,572 - Processed 17650/28863 images (61.15%)
2025-04-05 01:47:20,307 - Processed 17700/28863 images (61.32%)
2025-04-05 01:47:21,077 - Processed 17750/28863 images (61.50%)
2025-04-05 01:47:21,277 - Processing class: OnionWhite
2025-04-05 01:47:21,836 - Processed 17800/28863 images (61.67%)
2025-04-05 01:47:22,614 - Processed 17850/28863 images (61.84%)
2025-04-05 01:47:23,379 - Processed 17900/28863 images (62.02%)
2025-04-05 01:47:23,525 - Processing class: Orange
2025-04-05 01:47:24,154 - Processed 17950/28863 images (62.19%)
2025-04-05 01:47:24,932 - Processed 18000/28863 images (62.36%)
2025-04-05 01:47:25,666 - Processed 18050/28863 images (62.54%)
2025-04-05 01:47:25,964 - Processing class: Papaya
2025-04-05 01:47:26,438 - Processed 18100/28863 images (62.71%)
2025-04-05 01:47:27,181 - Processed 18150/28863 images (62.88%)
2025-04-05 01:47:27,980 - Processed 18200/28863 images (63.06%)
2025-04-05 01:47:28,463 - Processing class: PassionFruit
2025-04-05 01:47:28,736 - Processed 18250/28863 images (63.23%)
2025-04-05 01:47:29,467 - Processed 18300/28863 images (63.40%)
2025-04-05 01:47:30,213 - Processed 18350/28863 images (63.58%)
2025-04-05 01:47:30,966 - Processing class: Peach
2025-04-05 01:47:30,986 - Processed 18400/28863 images (63.75%)
2025-04-05 01:47:31,732 - Processed 18450/28863 images (63.92%)
2025-04-05 01:47:32,505 - Processed 18500/28863 images (64.10%)
2025-04-05 01:47:33,250 - Processed 18550/28863 images (64.27%)
2025-04-05 01:47:33,457 - Processing class: Peach
2025-04-05 01:47:34,029 - Processed 18600/28863 images (64.44%)
2025-04-05 01:47:34,788 - Processed 18650/28863 images (64.62%)
2025-04-05 01:47:35,562 - Processed 18700/28863 images (64.79%)
2025-04-05 01:47:36,332 - Processed 18750/28863 images (64.96%)
2025-04-05 01:47:37,089 - Processed 18800/28863 images (65.14%)
2025-04-05 01:47:37,235 - Processing class: PeachFlat
2025-04-05 01:47:37,858 - Processed 18850/28863 images (65.31%)
2025-04-05 01:47:38,627 - Processed 18900/28863 images (65.48%)
2025-04-05 01:47:39,407 - Processed 18950/28863 images (65.65%)
2025-04-05 01:47:39,772 - Processing class: Pear
2025-04-05 01:47:40,195 - Processed 19000/28863 images (65.83%)
2025-04-05 01:47:40,934 - Processed 19050/28863 images (66.00%)
2025-04-05 01:47:41,697 - Processed 19100/28863 images (66.17%)
2025-04-05 01:47:42,288 - Processing class: Pear
2025-04-05 01:47:42,503 - Processed 19150/28863 images (66.35%)
2025-04-05 01:47:43,271 - Processed 19200/28863 images (66.52%)
2025-04-05 01:47:44,024 - Processed 19250/28863 images (66.69%)
2025-04-05 01:47:44,850 - Processed 19300/28863 images (66.87%)
2025-04-05 01:47:45,687 - Processed 19350/28863 images (67.04%)
2025-04-05 01:47:45,992 - Processing class: Pear
2025-04-05 01:47:46,489 - Processed 19400/28863 images (67.21%)
2025-04-05 01:47:47,156 - Processing class: PearAbate
2025-04-05 01:47:47,303 - Processed 19450/28863 images (67.39%)
2025-04-05 01:47:48,138 - Processed 19500/28863 images (67.56%)
2025-04-05 01:47:49,000 - Processed 19550/28863 images (67.73%)
2025-04-05 01:47:49,820 - Processed 19600/28863 images (67.91%)
2025-04-05 01:47:49,936 - Processing class: PearForelle
2025-04-05 01:47:50,649 - Processed 19650/28863 images (68.08%)
2025-04-05 01:47:51,489 - Processed 19700/28863 images (68.25%)
2025-04-05 01:47:52,303 - Processed 19750/28863 images (68.43%)
2025-04-05 01:47:53,136 - Processed 19800/28863 images (68.60%)
2025-04-05 01:47:53,837 - Processing class: PearKaiser
2025-04-05 01:47:53,990 - Processed 19850/28863 images (68.77%)
2025-04-05 01:47:54,867 - Processed 19900/28863 images (68.95%)
2025-04-05 01:47:55,573 - Processing class: PearMonster
2025-04-05 01:47:55,696 - Processed 19950/28863 images (69.12%)
2025-04-05 01:47:56,511 - Processed 20000/28863 images (69.29%)
2025-04-05 01:47:57,350 - Processed 20050/28863 images (69.47%)
2025-04-05 01:47:58,171 - Processed 20100/28863 images (69.64%)
2025-04-05 01:47:58,330 - Processing class: PearRed
2025-04-05 01:47:58,992 - Processed 20150/28863 images (69.81%)
2025-04-05 01:47:59,807 - Processed 20200/28863 images (69.99%)
2025-04-05 01:48:00,664 - Processed 20250/28863 images (70.16%)
2025-04-05 01:48:01,454 - Processed 20300/28863 images (70.33%)
2025-04-05 01:48:01,954 - Processing class: PearStone
2025-04-05 01:48:02,256 - Processed 20350/28863 images (70.51%)
2025-04-05 01:48:03,051 - Processed 20400/28863 images (70.68%)
2025-04-05 01:48:03,816 - Processed 20450/28863 images (70.85%)
2025-04-05 01:48:04,588 - Processed 20500/28863 images (71.03%)
2025-04-05 01:48:05,363 - Processed 20550/28863 images (71.20%)
2025-04-05 01:48:05,654 - Processing class: PearWilliams
2025-04-05 01:48:06,150 - Processed 20600/28863 images (71.37%)
2025-04-05 01:48:06,952 - Processed 20650/28863 images (71.54%)
2025-04-05 01:48:07,768 - Processed 20700/28863 images (71.72%)
2025-04-05 01:48:08,305 - Processing class: Pepino
2025-04-05 01:48:08,562 - Processed 20750/28863 images (71.89%)
2025-04-05 01:48:09,356 - Processed 20800/28863 images (72.06%)
2025-04-05 01:48:10,179 - Processed 20850/28863 images (72.24%)
2025-04-05 01:48:10,983 - Processed 20900/28863 images (72.41%)
2025-04-05 01:48:10,984 - Processing class: PepperGreen
2025-04-05 01:48:11,801 - Processed 20950/28863 images (72.58%)
2025-04-05 01:48:12,608 - Processed 21000/28863 images (72.76%)
2025-04-05 01:48:13,365 - Processing class: PepperOrange
2025-04-05 01:48:13,398 - Processed 21050/28863 images (72.93%)
2025-04-05 01:48:14,210 - Processed 21100/28863 images (73.10%)
2025-04-05 01:48:15,008 - Processed 21150/28863 images (73.28%)
2025-04-05 01:48:15,802 - Processed 21200/28863 images (73.45%)
2025-04-05 01:48:16,570 - Processed 21250/28863 images (73.62%)
2025-04-05 01:48:17,082 - Processing class: PepperRed
2025-04-05 01:48:17,367 - Processed 21300/28863 images (73.80%)
2025-04-05 01:48:18,139 - Processed 21350/28863 images (73.97%)
2025-04-05 01:48:18,928 - Processed 21400/28863 images (74.14%)
2025-04-05 01:48:19,688 - Processed 21450/28863 images (74.32%)
2025-04-05 01:48:20,464 - Processed 21500/28863 images (74.49%)
2025-04-05 01:48:20,535 - Processing class: PepperYellow
2025-04-05 01:48:21,240 - Processed 21550/28863 images (74.66%)
2025-04-05 01:48:22,026 - Processed 21600/28863 images (74.84%)
2025-04-05 01:48:22,821 - Processed 21650/28863 images (75.01%)
2025-04-05 01:48:23,596 - Processed 21700/28863 images (75.18%)
2025-04-05 01:48:23,988 - Processing class: Physalis
2025-04-05 01:48:24,352 - Processed 21750/28863 images (75.36%)
2025-04-05 01:48:25,237 - Processed 21800/28863 images (75.53%)
2025-04-05 01:48:26,035 - Processed 21850/28863 images (75.70%)
2025-04-05 01:48:26,655 - Processing class: PhysaliswithHusk
2025-04-05 01:48:26,812 - Processed 21900/28863 images (75.88%)
2025-04-05 01:48:27,597 - Processed 21950/28863 images (76.05%)
2025-04-05 01:48:28,379 - Processed 22000/28863 images (76.22%)
2025-04-05 01:48:29,195 - Processed 22050/28863 images (76.40%)
2025-04-05 01:48:29,265 - Processing class: Pineapple
2025-04-05 01:48:29,976 - Processed 22100/28863 images (76.57%)
2025-04-05 01:48:30,757 - Processed 22150/28863 images (76.74%)
2025-04-05 01:48:31,559 - Processed 22200/28863 images (76.92%)
2025-04-05 01:48:31,873 - Processing class: PineappleMini
2025-04-05 01:48:32,335 - Processed 22250/28863 images (77.09%)
2025-04-05 01:48:33,136 - Processed 22300/28863 images (77.26%)
2025-04-05 01:48:33,927 - Processed 22350/28863 images (77.43%)
2025-04-05 01:48:34,448 - Processing class: Pistachio
2025-04-05 01:48:34,751 - Processed 22400/28863 images (77.61%)
2025-04-05 01:48:35,540 - Processed 22450/28863 images (77.78%)
2025-04-05 01:48:36,341 - Processed 22500/28863 images (77.95%)
2025-04-05 01:48:37,120 - Processed 22550/28863 images (78.13%)
2025-04-05 01:48:38,008 - Processed 22600/28863 images (78.30%)
2025-04-05 01:48:38,225 - Processing class: PitahayaRed
2025-04-05 01:48:38,813 - Processed 22650/28863 images (78.47%)
2025-04-05 01:48:39,629 - Processed 22700/28863 images (78.65%)
2025-04-05 01:48:40,443 - Processed 22750/28863 images (78.82%)
2025-04-05 01:48:40,920 - Processing class: Plum
2025-04-05 01:48:41,236 - Processed 22800/28863 images (78.99%)
2025-04-05 01:48:42,077 - Processed 22850/28863 images (79.17%)
2025-04-05 01:48:42,977 - Processed 22900/28863 images (79.34%)
2025-04-05 01:48:43,478 - Processing class: Plum
2025-04-05 01:48:43,803 - Processed 22950/28863 images (79.51%)
2025-04-05 01:48:44,637 - Processed 23000/28863 images (79.69%)
2025-04-05 01:48:45,475 - Processed 23050/28863 images (79.86%)
2025-04-05 01:48:45,862 - Processing class: Plum
2025-04-05 01:48:46,329 - Processed 23100/28863 images (80.03%)
2025-04-05 01:48:47,196 - Processed 23150/28863 images (80.21%)
2025-04-05 01:48:48,034 - Processed 23200/28863 images (80.38%)
2025-04-05 01:48:48,868 - Processed 23250/28863 images (80.55%)
2025-04-05 01:48:49,702 - Processed 23300/28863 images (80.73%)
2025-04-05 01:48:50,510 - Processed 23350/28863 images (80.90%)
2025-04-05 01:48:50,955 - Processing class: Pomegranate
2025-04-05 01:48:51,316 - Processed 23400/28863 images (81.07%)
2025-04-05 01:48:52,148 - Processed 23450/28863 images (81.25%)
2025-04-05 01:48:52,966 - Processed 23500/28863 images (81.42%)
2025-04-05 01:48:53,694 - Processing class: PomeloSweetie
2025-04-05 01:48:53,846 - Processed 23550/28863 images (81.59%)
2025-04-05 01:48:54,686 - Processed 23600/28863 images (81.77%)
2025-04-05 01:48:55,551 - Processed 23650/28863 images (81.94%)
2025-04-05 01:48:56,249 - Processing class: PotatoRed
2025-04-05 01:48:56,355 - Processed 23700/28863 images (82.11%)
2025-04-05 01:48:57,164 - Processed 23750/28863 images (82.29%)
2025-04-05 01:48:57,991 - Processed 23800/28863 images (82.46%)
2025-04-05 01:48:58,714 - Processing class: PotatoRedWashed
2025-04-05 01:48:58,819 - Processed 23850/28863 images (82.63%)
2025-04-05 01:48:59,655 - Processed 23900/28863 images (82.80%)
2025-04-05 01:49:00,546 - Processed 23950/28863 images (82.98%)
2025-04-05 01:49:01,273 - Processing class: PotatoSweet
2025-04-05 01:49:01,370 - Processed 24000/28863 images (83.15%)
2025-04-05 01:49:02,217 - Processed 24050/28863 images (83.32%)
2025-04-05 01:49:03,062 - Processed 24100/28863 images (83.50%)
2025-04-05 01:49:03,810 - Processing class: PotatoWhite
2025-04-05 01:49:03,893 - Processed 24150/28863 images (83.67%)
2025-04-05 01:49:04,805 - Processed 24200/28863 images (83.84%)
2025-04-05 01:49:05,630 - Processed 24250/28863 images (84.02%)
2025-04-05 01:49:06,356 - Processing class: Quince
2025-04-05 01:49:06,438 - Processed 24300/28863 images (84.19%)
2025-04-05 01:49:07,217 - Processed 24350/28863 images (84.36%)
2025-04-05 01:49:08,004 - Processed 24400/28863 images (84.54%)
2025-04-05 01:49:08,787 - Processed 24450/28863 images (84.71%)
2025-04-05 01:49:08,966 - Processing class: Quince
2025-04-05 01:49:09,577 - Processed 24500/28863 images (84.88%)
2025-04-05 01:49:10,334 - Processed 24550/28863 images (85.06%)
2025-04-05 01:49:11,091 - Processed 24600/28863 images (85.23%)
2025-04-05 01:49:11,816 - Processed 24650/28863 images (85.40%)
2025-04-05 01:49:12,596 - Processed 24700/28863 images (85.58%)
2025-04-05 01:49:12,611 - Processing class: Quince
2025-04-05 01:49:13,371 - Processed 24750/28863 images (85.75%)
2025-04-05 01:49:14,140 - Processed 24800/28863 images (85.92%)
2025-04-05 01:49:14,866 - Processed 24850/28863 images (86.10%)
2025-04-05 01:49:15,642 - Processed 24900/28863 images (86.27%)
2025-04-05 01:49:16,318 - Processing class: Quince
2025-04-05 01:49:16,496 - Processed 24950/28863 images (86.44%)
2025-04-05 01:49:17,236 - Processed 25000/28863 images (86.62%)
2025-04-05 01:49:18,018 - Processed 25050/28863 images (86.79%)
2025-04-05 01:49:18,765 - Processed 25100/28863 images (86.96%)
2025-04-05 01:49:19,530 - Processed 25150/28863 images (87.14%)
2025-04-05 01:49:20,182 - Processing class: Rambutan
2025-04-05 01:49:20,315 - Processed 25200/28863 images (87.31%)
2025-04-05 01:49:21,103 - Processed 25250/28863 images (87.48%)
2025-04-05 01:49:21,882 - Processed 25300/28863 images (87.66%)
2025-04-05 01:49:22,718 - Processed 25350/28863 images (87.83%)
2025-04-05 01:49:22,827 - Processing class: Raspberry
2025-04-05 01:49:23,557 - Processed 25400/28863 images (88.00%)
2025-04-05 01:49:24,337 - Processed 25450/28863 images (88.18%)
2025-04-05 01:49:25,156 - Processed 25500/28863 images (88.35%)
2025-04-05 01:49:25,501 - Processing class: Redcurrant
2025-04-05 01:49:25,916 - Processed 25550/28863 images (88.52%)
2025-04-05 01:49:26,713 - Processed 25600/28863 images (88.69%)
2025-04-05 01:49:27,589 - Processed 25650/28863 images (88.87%)
2025-04-05 01:49:28,165 - Processing class: Salak
2025-04-05 01:49:28,394 - Processed 25700/28863 images (89.04%)
2025-04-05 01:49:29,293 - Processed 25750/28863 images (89.21%)
2025-04-05 01:49:30,144 - Processed 25800/28863 images (89.39%)
2025-04-05 01:49:30,955 - Processing class: Strawberry
2025-04-05 01:49:30,992 - Processed 25850/28863 images (89.56%)
2025-04-05 01:49:31,836 - Processed 25900/28863 images (89.73%)
2025-04-05 01:49:32,696 - Processed 25950/28863 images (89.91%)
2025-04-05 01:49:33,535 - Processed 26000/28863 images (90.08%)
2025-04-05 01:49:33,733 - Processing class: StrawberryWedge
2025-04-05 01:49:34,381 - Processed 26050/28863 images (90.25%)
2025-04-05 01:49:35,203 - Processed 26100/28863 images (90.43%)
2025-04-05 01:49:35,973 - Processed 26150/28863 images (90.60%)
2025-04-05 01:49:36,783 - Processed 26200/28863 images (90.77%)
2025-04-05 01:49:37,690 - Processed 26250/28863 images (90.95%)
2025-04-05 01:49:37,838 - Processing class: Tamarillo
2025-04-05 01:49:38,559 - Processed 26300/28863 images (91.12%)
2025-04-05 01:49:39,385 - Processed 26350/28863 images (91.29%)
2025-04-05 01:49:40,190 - Processed 26400/28863 images (91.47%)
2025-04-05 01:49:40,582 - Processing class: Tangelo
2025-04-05 01:49:41,000 - Processed 26450/28863 images (91.64%)
2025-04-05 01:49:41,790 - Processed 26500/28863 images (91.81%)
2025-04-05 01:49:42,600 - Processed 26550/28863 images (91.99%)
2025-04-05 01:49:43,199 - Processing class: Tomato
2025-04-05 01:49:43,367 - Processed 26600/28863 images (92.16%)
2025-04-05 01:49:44,200 - Processed 26650/28863 images (92.33%)
2025-04-05 01:49:45,029 - Processed 26700/28863 images (92.51%)
2025-04-05 01:49:45,840 - Processed 26750/28863 images (92.68%)
2025-04-05 01:49:46,635 - Processed 26800/28863 images (92.85%)
2025-04-05 01:49:47,217 - Processing class: Tomato
2025-04-05 01:49:47,452 - Processed 26850/28863 images (93.03%)
2025-04-05 01:49:48,336 - Processed 26900/28863 images (93.20%)
2025-04-05 01:49:49,135 - Processed 26950/28863 images (93.37%)
2025-04-05 01:49:49,928 - Processed 27000/28863 images (93.55%)
2025-04-05 01:49:50,715 - Processed 27050/28863 images (93.72%)
2025-04-05 01:49:50,895 - Processing class: Tomato
2025-04-05 01:49:51,521 - Processed 27100/28863 images (93.89%)
2025-04-05 01:49:52,334 - Processed 27150/28863 images (94.07%)
2025-04-05 01:49:53,128 - Processed 27200/28863 images (94.24%)
2025-04-05 01:49:53,996 - Processed 27250/28863 images (94.41%)
2025-04-05 01:49:54,828 - Processed 27300/28863 images (94.58%)
2025-04-05 01:49:54,948 - Processing class: Tomato
2025-04-05 01:49:55,745 - Processed 27350/28863 images (94.76%)
2025-04-05 01:49:56,593 - Processed 27400/28863 images (94.93%)
2025-04-05 01:49:57,486 - Processed 27450/28863 images (95.10%)
2025-04-05 01:49:57,771 - Processing class: TomatoCherryRed
2025-04-05 01:49:58,298 - Processed 27500/28863 images (95.28%)
2025-04-05 01:49:59,098 - Processed 27550/28863 images (95.45%)
2025-04-05 01:49:59,913 - Processed 27600/28863 images (95.62%)
2025-04-05 01:50:00,412 - Processing class: TomatoHeart
2025-04-05 01:50:00,718 - Processed 27650/28863 images (95.80%)
2025-04-05 01:50:01,558 - Processed 27700/28863 images (95.97%)
2025-04-05 01:50:02,395 - Processed 27750/28863 images (96.14%)
2025-04-05 01:50:03,181 - Processed 27800/28863 images (96.32%)
2025-04-05 01:50:04,009 - Processed 27850/28863 images (96.49%)
2025-04-05 01:50:04,168 - Processing class: TomatoMaroon
2025-04-05 01:50:04,876 - Processed 27900/28863 images (96.66%)
2025-04-05 01:50:05,749 - Processed 27950/28863 images (96.84%)
2025-04-05 01:50:06,363 - Processing class: TomatonotRipened
2025-04-05 01:50:06,592 - Processed 28000/28863 images (97.01%)
2025-04-05 01:50:07,419 - Processed 28050/28863 images (97.18%)
2025-04-05 01:50:08,247 - Processed 28100/28863 images (97.36%)
2025-04-05 01:50:09,108 - Processing class: TomatoYellow
2025-04-05 01:50:09,214 - Processed 28150/28863 images (97.53%)
2025-04-05 01:50:10,026 - Processed 28200/28863 images (97.70%)
2025-04-05 01:50:10,867 - Processed 28250/28863 images (97.88%)
2025-04-05 01:50:11,642 - Processing class: Walnut
2025-04-05 01:50:11,699 - Processed 28300/28863 images (98.05%)
2025-04-05 01:50:12,530 - Processed 28350/28863 images (98.22%)
2025-04-05 01:50:13,330 - Processed 28400/28863 images (98.40%)
2025-04-05 01:50:14,130 - Processed 28450/28863 images (98.57%)
2025-04-05 01:50:14,963 - Processed 28500/28863 images (98.74%)
2025-04-05 01:50:15,717 - Processing class: Watermelon
2025-04-05 01:50:15,784 - Processed 28550/28863 images (98.92%)
2025-04-05 01:50:16,717 - Processed 28600/28863 images (99.09%)
2025-04-05 01:50:17,524 - Processed 28650/28863 images (99.26%)
2025-04-05 01:50:18,320 - Processed 28700/28863 images (99.44%)
2025-04-05 01:50:18,369 - Processing class: Zucchini
2025-04-05 01:50:19,087 - Processed 28750/28863 images (99.61%)
2025-04-05 01:50:19,619 - Processing class: Zucchinidark
2025-04-05 01:50:19,878 - Processed 28800/28863 images (99.78%)
2025-04-05 01:50:20,665 - Processed 28850/28863 images (99.95%)
2025-04-05 01:50:36,794 - Feature extraction complete. Saved to test_features.csv
