2025-04-05 02:16:01,701 - Training started...
2025-04-05 02:16:01,727 - Class 'Apple' prior: 0.4298
2025-04-05 02:16:01,728 - Class 'Apricot' prior: 0.0155
2025-04-05 02:16:01,729 - Class 'Avocado' prior: 0.0291
2025-04-05 02:16:01,729 - Class 'Banana' prior: 0.0534
2025-04-05 02:16:01,730 - Class 'Beans' prior: 0.0075
2025-04-05 02:16:01,730 - Class 'Beetroot' prior: 0.0147
2025-04-05 02:16:01,731 - Class 'Blackberrie' prior: 0.0223
2025-04-05 02:16:01,731 - Class 'Blackberry' prior: 0.0361
2025-04-05 02:16:01,731 - Class 'Blueberry' prior: 0.0151
2025-04-05 02:16:01,732 - Class 'Cabbage' prior: 0.0092
2025-04-05 02:16:01,733 - Class 'Cactusfruit' prior: 0.0155
2025-04-05 02:16:01,734 - Class 'Cactusfruitgreen' prior: 0.0230
2025-04-05 02:16:01,736 - Class 'Cactusfruitred' prior: 0.0227
2025-04-05 02:16:01,736 - Class 'Cajuseed' prior: 0.0080
2025-04-05 02:16:01,737 - Class 'Cantaloupe' prior: 0.0317
2025-04-05 02:16:01,737 - Class 'Carambula' prior: 0.0160
2025-04-05 02:16:01,737 - Class 'Carrot' prior: 0.0047
2025-04-05 02:16:01,737 - Class 'Cauliflower' prior: 0.0234
2025-04-05 02:16:01,738 - Class 'Cherimoya' prior: 0.0300
2025-04-05 02:16:01,738 - Class 'Cherry' prior: 0.1328
2025-04-05 02:16:01,739 - Class 'Chestnut' prior: 0.0155
2025-04-05 02:16:01,739 - Class 'Clementine' prior: 0.0162
2025-04-05 02:16:01,740 - Class 'Cocos' prior: 0.0157
2025-04-05 02:16:01,740 - Class 'Corn' prior: 0.0120
2025-04-05 02:16:01,905 - Class 'Apple' - Mean: [0.08245031 0.14979818 0.08711709]... Variance: [0.01618667 0.02750046 0.01508622]...
2025-04-05 02:16:01,906 - Class 'Apricot' - Mean: [0.00107543 0.04587409 0.09074403]... Variance: [0.00010394 0.00247519 0.00195768]...
2025-04-05 02:16:01,907 - Class 'Avocado' - Mean: [1.87850429e-01 1.17185405e-03 1.31499991e-05]... Variance: [0.05128351 0.00010661 0.00010001]...
2025-04-05 02:16:01,908 - Class 'Banana' - Mean: [0.00874219 0.01421    0.01146259]... Variance: [0.00072478 0.00169391 0.00080258]...
2025-04-05 02:16:01,909 - Class 'Beans' - Mean: [0.00061164 0.00087607 0.        ]... Variance: [0.00010041 0.00010021 0.0001    ]...
2025-04-05 02:16:01,910 - Class 'Beetroot' - Mean: [6.51160307e-03 5.17194625e-03 8.97726555e-05]... Variance: [0.00012143 0.00013635 0.00010011]...
2025-04-05 02:16:01,911 - Class 'Blackberrie' - Mean: [4.30675484e-01 2.01994004e-02 1.90154270e-05]... Variance: [1.10978819e-01 4.94643195e-04 1.00007367e-04]...
2025-04-05 02:16:01,911 - Class 'Blackberry' - Mean: [0.34616497 0.21086989 0.11512167]... Variance: [0.09204496 0.01919444 0.01406692]...
2025-04-05 02:16:01,913 - Class 'Blueberry' - Mean: [0.45741033 0.00080593 0.        ]... Variance: [0.02147888 0.00010709 0.0001    ]...
2025-04-05 02:16:01,914 - Class 'Cabbage' - Mean: [0.000978   0.01194458 0.        ]... Variance: [0.00010785 0.00057692 0.0001    ]...
2025-04-05 02:16:01,915 - Class 'Cactusfruit' - Mean: [2.81154676e-03 2.39365302e-03 1.51104419e-06]... Variance: [0.00015242 0.00011192 0.0001    ]...
2025-04-05 02:16:01,916 - Class 'Cactusfruitgreen' - Mean: [0.01068951 0.00535415 0.00093033]... Variance: [0.0006621  0.00035776 0.00012087]...
2025-04-05 02:16:01,917 - Class 'Cactusfruitred' - Mean: [0.00553129 0.02813237 0.07706208]... Variance: [0.00018489 0.00121915 0.00370383]...
2025-04-05 02:16:01,919 - Class 'Cajuseed' - Mean: [0.00221723 0.00832943 0.00017567]... Variance: [0.00010579 0.00010778 0.00010011]...
2025-04-05 02:16:01,921 - Class 'Cantaloupe' - Mean: [1.98978273e-05 1.17918940e-04 0.00000000e+00]... Variance: [0.00010001 0.00010011 0.0001    ]...
2025-04-05 02:16:01,922 - Class 'Carambula' - Mean: [0.00220563 0.0095472  0.00183788]... Variance: [0.00011263 0.00016488 0.00010244]...
2025-04-05 02:16:01,924 - Class 'Carrot' - Mean: [2.24072791e-06 2.07930004e-04 8.94667407e-06]... Variance: [0.0001     0.00010003 0.0001    ]...
2025-04-05 02:16:01,925 - Class 'Cauliflower' - Mean: [0.03301997 0.02421839 0.        ]... Variance: [0.00047579 0.00034276 0.0001    ]...
2025-04-05 02:16:01,926 - Class 'Cherimoya' - Mean: [0.08191582 0.09922426 0.        ]... Variance: [0.00317502 0.00556142 0.0001    ]...
2025-04-05 02:16:01,928 - Class 'Cherry' - Mean: [0.19280247 0.13237148 0.07549517]... Variance: [0.11577199 0.04374198 0.03180907]...
2025-04-05 02:16:01,928 - Class 'Chestnut' - Mean: [0.06551521 0.2789023  0.03046207]... Variance: [0.01207123 0.05818825 0.00203576]...
2025-04-05 02:16:01,930 - Class 'Clementine' - Mean: [8.17544762e-06 1.89102371e-03 5.96936386e-03]... Variance: [0.0001     0.00010441 0.00013928]...
2025-04-05 02:16:01,931 - Class 'Cocos' - Mean: [0.01100813 0.03484509 0.00019664]... Variance: [0.00022896 0.00036064 0.00010008]...
2025-04-05 02:16:01,932 - Class 'Corn' - Mean: [3.58059518e-05 8.30517988e-05 0.00000000e+00]... Variance: [0.00010001 0.00010002 0.0001    ]...
2025-04-05 02:16:01,938 - Making predictions on 6207 test samples...
2025-04-05 02:16:02,022 - Predicted 100/6207 samples... (1.61%)
2025-04-05 02:16:02,095 - Predicted 200/6207 samples... (3.22%)
2025-04-05 02:16:02,162 - Predicted 300/6207 samples... (4.83%)
2025-04-05 02:16:02,229 - Predicted 400/6207 samples... (6.44%)
2025-04-05 02:16:02,296 - Predicted 500/6207 samples... (8.06%)
2025-04-05 02:16:02,366 - Predicted 600/6207 samples... (9.67%)
2025-04-05 02:16:02,442 - Predicted 700/6207 samples... (11.28%)
2025-04-05 02:16:02,513 - Predicted 800/6207 samples... (12.89%)
2025-04-05 02:16:02,593 - Predicted 900/6207 samples... (14.50%)
2025-04-05 02:16:02,665 - Predicted 1000/6207 samples... (16.11%)
2025-04-05 02:16:02,732 - Predicted 1100/6207 samples... (17.72%)
2025-04-05 02:16:02,804 - Predicted 1200/6207 samples... (19.33%)
2025-04-05 02:16:02,870 - Predicted 1300/6207 samples... (20.94%)
2025-04-05 02:16:02,942 - Predicted 1400/6207 samples... (22.56%)
2025-04-05 02:16:03,014 - Predicted 1500/6207 samples... (24.17%)
2025-04-05 02:16:03,086 - Predicted 1600/6207 samples... (25.78%)
2025-04-05 02:16:03,175 - Predicted 1700/6207 samples... (27.39%)
2025-04-05 02:16:03,243 - Predicted 1800/6207 samples... (29.00%)
2025-04-05 02:16:03,315 - Predicted 1900/6207 samples... (30.61%)
2025-04-05 02:16:03,382 - Predicted 2000/6207 samples... (32.22%)
2025-04-05 02:16:03,449 - Predicted 2100/6207 samples... (33.83%)
2025-04-05 02:16:03,524 - Predicted 2200/6207 samples... (35.44%)
2025-04-05 02:16:03,596 - Predicted 2300/6207 samples... (37.05%)
2025-04-05 02:16:03,667 - Predicted 2400/6207 samples... (38.67%)
2025-04-05 02:16:03,741 - Predicted 2500/6207 samples... (40.28%)
2025-04-05 02:16:03,808 - Predicted 2600/6207 samples... (41.89%)
2025-04-05 02:16:03,875 - Predicted 2700/6207 samples... (43.50%)
2025-04-05 02:16:03,945 - Predicted 2800/6207 samples... (45.11%)
2025-04-05 02:16:04,013 - Predicted 2900/6207 samples... (46.72%)
2025-04-05 02:16:04,083 - Predicted 3000/6207 samples... (48.33%)
2025-04-05 02:16:04,154 - Predicted 3100/6207 samples... (49.94%)
2025-04-05 02:16:04,229 - Predicted 3200/6207 samples... (51.55%)
2025-04-05 02:16:04,303 - Predicted 3300/6207 samples... (53.17%)
2025-04-05 02:16:04,380 - Predicted 3400/6207 samples... (54.78%)
2025-04-05 02:16:04,457 - Predicted 3500/6207 samples... (56.39%)
2025-04-05 02:16:04,528 - Predicted 3600/6207 samples... (58.00%)
2025-04-05 02:16:04,600 - Predicted 3700/6207 samples... (59.61%)
2025-04-05 02:16:04,670 - Predicted 3800/6207 samples... (61.22%)
2025-04-05 02:16:04,740 - Predicted 3900/6207 samples... (62.83%)
2025-04-05 02:16:04,809 - Predicted 4000/6207 samples... (64.44%)
2025-04-05 02:16:04,879 - Predicted 4100/6207 samples... (66.05%)
2025-04-05 02:16:04,947 - Predicted 4200/6207 samples... (67.67%)
2025-04-05 02:16:05,015 - Predicted 4300/6207 samples... (69.28%)
2025-04-05 02:16:05,093 - Predicted 4400/6207 samples... (70.89%)
2025-04-05 02:16:05,170 - Predicted 4500/6207 samples... (72.50%)
2025-04-05 02:16:05,247 - Predicted 4600/6207 samples... (74.11%)
2025-04-05 02:16:05,325 - Predicted 4700/6207 samples... (75.72%)
2025-04-05 02:16:05,407 - Predicted 4800/6207 samples... (77.33%)
2025-04-05 02:16:05,476 - Predicted 4900/6207 samples... (78.94%)
2025-04-05 02:16:05,546 - Predicted 5000/6207 samples... (80.55%)
2025-04-05 02:16:05,616 - Predicted 5100/6207 samples... (82.17%)
2025-04-05 02:16:05,685 - Predicted 5200/6207 samples... (83.78%)
2025-04-05 02:16:05,757 - Predicted 5300/6207 samples... (85.39%)
2025-04-05 02:16:05,826 - Predicted 5400/6207 samples... (87.00%)
2025-04-05 02:16:05,900 - Predicted 5500/6207 samples... (88.61%)
2025-04-05 02:16:05,971 - Predicted 5600/6207 samples... (90.22%)
2025-04-05 02:16:06,041 - Predicted 5700/6207 samples... (91.83%)
2025-04-05 02:16:06,111 - Predicted 5800/6207 samples... (93.44%)
2025-04-05 02:16:06,182 - Predicted 5900/6207 samples... (95.05%)
2025-04-05 02:16:06,257 - Predicted 6000/6207 samples... (96.67%)
2025-04-05 02:16:06,331 - Predicted 6100/6207 samples... (98.28%)
2025-04-05 02:16:06,397 - Predicted 6200/6207 samples... (99.89%)
2025-04-05 02:16:06,404 - Predicted 6207/6207 samples... (100.00%)
2025-04-05 02:16:06,404 - Prediction completed in 4.47 seconds.
2025-04-05 02:16:06,410 - Model Accuracy: 83.08%
2025-04-05 02:16:06,450 - 
                  precision    recall  f1-score   support

           Apple       0.99      0.73      0.84      2691
         Apricot       0.84      1.00      0.91       107
         Avocado       0.91      1.00      0.95       195
          Banana       0.85      0.73      0.78       338
           Beans       0.94      1.00      0.97        46
        Beetroot       0.99      0.99      0.99        85
     Blackberrie       0.99      0.92      0.95       122
      Blackberry       0.47      1.00      0.64       230
       Blueberry       1.00      1.00      1.00        88
         Cabbage       0.97      1.00      0.98        65
     Cactusfruit       0.77      0.94      0.85       104
Cactusfruitgreen       1.00      1.00      1.00       128
  Cactusfruitred       0.64      1.00      0.78       148
        Cajuseed       1.00      1.00      1.00        47
      Cantaloupe       0.97      1.00      0.98       196
       Carambula       0.96      1.00      0.98        92
          Carrot       0.71      1.00      0.83        34
     Cauliflower       1.00      1.00      1.00       121
       Cherimoya       0.81      1.00      0.90       228
          Cherry       0.84      0.74      0.79       823
        Chestnut       0.16      1.00      0.28        65
      Clementine       1.00      1.00      1.00        88
           Cocos       1.00      1.00      1.00       100
            Corn       0.57      0.98      0.72        66

        accuracy                           0.83      6207
       macro avg       0.85      0.96      0.88      6207
    weighted avg       0.91      0.83      0.85      6207

2025-04-05 02:16:06,459 - Model parameters saved to 'model_params.pkl'
